2018-11-09 02:31:26 [-][-][-][error][yii\db\Exception] PDOException: SQLSTATE[HY000] [2002] No connection could be made because the target machine actively refused it.
 in C:\xampp\htdocs\blog\blog\_protected\vendor\yiisoft\yii2\db\Connection.php:687
Stack trace:
#0 C:\xampp\htdocs\blog\blog\_protected\vendor\yiisoft\yii2\db\Connection.php(687): PDO->__construct('mysql:host=loca...', 'root', '', NULL)
#1 C:\xampp\htdocs\blog\blog\_protected\vendor\yiisoft\yii2\db\Connection.php(613): yii\db\Connection->createPdoInstance()
#2 C:\xampp\htdocs\blog\blog\_protected\vendor\yiisoft\yii2\db\Connection.php(996): yii\db\Connection->open()
#3 C:\xampp\htdocs\blog\blog\_protected\vendor\yiisoft\yii2\db\Connection.php(983): yii\db\Connection->getMasterPdo()
#4 C:\xampp\htdocs\blog\blog\_protected\vendor\yiisoft\yii2\db\Command.php(253): yii\db\Connection->getSlavePdo()
#5 C:\xampp\htdocs\blog\blog\_protected\vendor\yiisoft\yii2\db\Command.php(1143): yii\db\Command->prepare(true)
#6 C:\xampp\htdocs\blog\blog\_protected\vendor\yiisoft\yii2\db\Command.php(399): yii\db\Command->queryInternal('fetchAll', NULL)
#7 C:\xampp\htdocs\blog\blog\_protected\vendor\yiisoft\yii2\db\mysql\Schema.php(312): yii\db\Command->queryAll()
#8 C:\xampp\htdocs\blog\blog\_protected\vendor\yiisoft\yii2\db\mysql\Schema.php(125): yii\db\mysql\Schema->findColumns(Object(yii\db\TableSchema))
#9 C:\xampp\htdocs\blog\blog\_protected\vendor\yiisoft\yii2\db\Schema.php(744): yii\db\mysql\Schema->loadTableSchema('migration')
#10 C:\xampp\htdocs\blog\blog\_protected\vendor\yiisoft\yii2\db\Schema.php(194): yii\db\Schema->getTableMetadata('{{%migration}}', 'schema', true)
#11 C:\xampp\htdocs\blog\blog\_protected\vendor\yiisoft\yii2\console\controllers\MigrateController.php(210): yii\db\Schema->getTableSchema('{{%migration}}', true)
#12 C:\xampp\htdocs\blog\blog\_protected\vendor\yiisoft\yii2\console\controllers\BaseMigrateController.php(875): yii\console\controllers\MigrateController->getMigrationHistory(NULL)
#13 C:\xampp\htdocs\blog\blog\_protected\vendor\yiisoft\yii2\console\controllers\BaseMigrateController.php(166): yii\console\controllers\BaseMigrateController->getNewMigrations()
#14 [internal function]: yii\console\controllers\BaseMigrateController->actionUp(0)
#15 C:\xampp\htdocs\blog\blog\_protected\vendor\yiisoft\yii2\base\InlineAction.php(57): call_user_func_array(Array, Array)
#16 C:\xampp\htdocs\blog\blog\_protected\vendor\yiisoft\yii2\base\Controller.php(157): yii\base\InlineAction->runWithParams(Array)
#17 C:\xampp\htdocs\blog\blog\_protected\vendor\yiisoft\yii2\console\Controller.php(148): yii\base\Controller->runAction('', Array)
#18 C:\xampp\htdocs\blog\blog\_protected\vendor\yiisoft\yii2\base\Module.php(528): yii\console\Controller->runAction('', Array)
#19 C:\xampp\htdocs\blog\blog\_protected\vendor\yiisoft\yii2\console\Application.php(180): yii\base\Module->runAction('migrate', Array)
#20 C:\xampp\htdocs\blog\blog\_protected\vendor\yiisoft\yii2\console\Application.php(147): yii\console\Application->runAction('migrate', Array)
#21 C:\xampp\htdocs\blog\blog\_protected\vendor\yiisoft\yii2\base\Application.php(386): yii\console\Application->handleRequest(Object(yii\console\Request))
#22 C:\xampp\htdocs\blog\blog\_protected\yii(20): yii\base\Application->run()
#23 {main}

Next yii\db\Exception: SQLSTATE[HY000] [2002] No connection could be made because the target machine actively refused it.
 in C:\xampp\htdocs\blog\blog\_protected\vendor\yiisoft\yii2\db\Connection.php:624
Stack trace:
#0 C:\xampp\htdocs\blog\blog\_protected\vendor\yiisoft\yii2\db\Connection.php(996): yii\db\Connection->open()
#1 C:\xampp\htdocs\blog\blog\_protected\vendor\yiisoft\yii2\db\Connection.php(983): yii\db\Connection->getMasterPdo()
#2 C:\xampp\htdocs\blog\blog\_protected\vendor\yiisoft\yii2\db\Command.php(253): yii\db\Connection->getSlavePdo()
#3 C:\xampp\htdocs\blog\blog\_protected\vendor\yiisoft\yii2\db\Command.php(1143): yii\db\Command->prepare(true)
#4 C:\xampp\htdocs\blog\blog\_protected\vendor\yiisoft\yii2\db\Command.php(399): yii\db\Command->queryInternal('fetchAll', NULL)
#5 C:\xampp\htdocs\blog\blog\_protected\vendor\yiisoft\yii2\db\mysql\Schema.php(312): yii\db\Command->queryAll()
#6 C:\xampp\htdocs\blog\blog\_protected\vendor\yiisoft\yii2\db\mysql\Schema.php(125): yii\db\mysql\Schema->findColumns(Object(yii\db\TableSchema))
#7 C:\xampp\htdocs\blog\blog\_protected\vendor\yiisoft\yii2\db\Schema.php(744): yii\db\mysql\Schema->loadTableSchema('migration')
#8 C:\xampp\htdocs\blog\blog\_protected\vendor\yiisoft\yii2\db\Schema.php(194): yii\db\Schema->getTableMetadata('{{%migration}}', 'schema', true)
#9 C:\xampp\htdocs\blog\blog\_protected\vendor\yiisoft\yii2\console\controllers\MigrateController.php(210): yii\db\Schema->getTableSchema('{{%migration}}', true)
#10 C:\xampp\htdocs\blog\blog\_protected\vendor\yiisoft\yii2\console\controllers\BaseMigrateController.php(875): yii\console\controllers\MigrateController->getMigrationHistory(NULL)
#11 C:\xampp\htdocs\blog\blog\_protected\vendor\yiisoft\yii2\console\controllers\BaseMigrateController.php(166): yii\console\controllers\BaseMigrateController->getNewMigrations()
#12 [internal function]: yii\console\controllers\BaseMigrateController->actionUp(0)
#13 C:\xampp\htdocs\blog\blog\_protected\vendor\yiisoft\yii2\base\InlineAction.php(57): call_user_func_array(Array, Array)
#14 C:\xampp\htdocs\blog\blog\_protected\vendor\yiisoft\yii2\base\Controller.php(157): yii\base\InlineAction->runWithParams(Array)
#15 C:\xampp\htdocs\blog\blog\_protected\vendor\yiisoft\yii2\console\Controller.php(148): yii\base\Controller->runAction('', Array)
#16 C:\xampp\htdocs\blog\blog\_protected\vendor\yiisoft\yii2\base\Module.php(528): yii\console\Controller->runAction('', Array)
#17 C:\xampp\htdocs\blog\blog\_protected\vendor\yiisoft\yii2\console\Application.php(180): yii\base\Module->runAction('migrate', Array)
#18 C:\xampp\htdocs\blog\blog\_protected\vendor\yiisoft\yii2\console\Application.php(147): yii\console\Application->runAction('migrate', Array)
#19 C:\xampp\htdocs\blog\blog\_protected\vendor\yiisoft\yii2\base\Application.php(386): yii\console\Application->handleRequest(Object(yii\console\Request))
#20 C:\xampp\htdocs\blog\blog\_protected\yii(20): yii\base\Application->run()
#21 {main}
Additional Information:

2018-11-09 02:31:24 [-][-][-][info][application] $_GET = []

$_POST = []

$_FILES = []

$_COOKIE = []

$_SERVER = [
    'ALLUSERSPROFILE' => 'C:\\ProgramData'
    'ANDROID_HOME' => 'C:\\Users\\Chandu\\AppData\\Local\\Android\\Sdk'
    'APPDATA' => 'C:\\Users\\Chandu\\AppData\\Roaming'
    'ChocolateyInstall' => 'C:\\ProgramData\\chocolatey'
    'ChocolateyLastPathUpdate' => 'Mon Aug 20 22:41:50 2018'
    'CLASSPATH' => '.;'
    'CommonProgramFiles' => 'C:\\Program Files (x86)\\Common Files'
    'CommonProgramFiles(x86)' => 'C:\\Program Files (x86)\\Common Files'
    'CommonProgramW6432' => 'C:\\Program Files\\Common Files'
    'COMPUTERNAME' => 'DESKTOP-LAI50I7'
    'ComSpec' => 'C:\\WINDOWS\\system32\\cmd.exe'
    'config_job_path' => 'C:\\xampp\\htdocs\\sfcs_main\\'
    'DriverData' => 'C:\\Windows\\System32\\Drivers\\DriverData'
    'FPS_BROWSER_APP_PROFILE_STRING' => 'Internet Explorer'
    'FPS_BROWSER_USER_PROFILE_STRING' => 'Default'
    'HOMEDRIVE' => 'C:'
    'HOMEPATH' => '\\Users\\Chandu'
    'JAVA_HOME' => 'C:\\Program Files\\Java\\jdk1.8.0_181'
    'LOCALAPPDATA' => 'C:\\Users\\Chandu\\AppData\\Local'
    'LOGONSERVER' => '\\\\DESKTOP-LAI50I7'
    'NUMBER_OF_PROCESSORS' => '4'
    'OneDrive' => 'C:\\Users\\Chandu\\OneDrive'
    'OS' => 'Windows_NT'
    'Path' => 'C:\\Program Files (x86)\\Common Files\\Oracle\\Java\\javapath;C:\\ProgramData\\Oracle\\Java\\javapath;C:\\WINDOWS\\system32;C:\\WINDOWS;C:\\WINDOWS\\System32\\Wbem;C:\\WINDOWS\\System32\\WindowsPowerShell\\v1.0\\;C:\\Program Files\\PuTTY\\;C:\\xampp\\php;C:\\Program Files\\Git\\cmd;C:\\ProgramData\\ComposerSetup\\bin;C:\\WINDOWS\\System32\\OpenSSH\\;C:\\Program Files\\Microsoft VS Code\\bin;%AppData%\\npm;C:\\ProgramData\\chocolatey\\bin;C:\\Program Files\\Java\\jdk1.8.0_181\\bin;C:\\Program Files\\nodejs\\;C:\\Users\\Chandu\\AppData\\Local\\Programs\\Python\\Python36\\Scripts\\;C:\\Users\\Chandu\\AppData\\Local\\Programs\\Python\\Python36\\;C:\\Users\\Chandu\\AppData\\Roaming\\npm;C:\\Users\\Chandu\\AppData\\Local\\Programs\\Microsoft VS Code\\bin;C:\\Users\\Chandu\\AppData\\Local\\Android\\Sdk\\platform-tools;C:\\Users\\Chandu\\AppData\\Roaming\\npm'
    'PATHEXT' => '.COM;.EXE;.BAT;.CMD;.VBS;.VBE;.JS;.JSE;.WSF;.WSH;.MSC;.CPL'
    'PHP_COMMAND' => 'php.exe'
    'PROCESSOR_ARCHITECTURE' => 'x86'
    'PROCESSOR_ARCHITEW6432' => 'AMD64'
    'PROCESSOR_IDENTIFIER' => 'Intel64 Family 6 Model 69 Stepping 1, GenuineIntel'
    'PROCESSOR_LEVEL' => '6'
    'PROCESSOR_REVISION' => '4501'
    'ProgramData' => 'C:\\ProgramData'
    'ProgramFiles' => 'C:\\Program Files (x86)'
    'ProgramFiles(x86)' => 'C:\\Program Files (x86)'
    'ProgramW6432' => 'C:\\Program Files'
    'PROMPT' => '$P$G'
    'PSModulePath' => 'C:\\Users\\Chandu\\Documents\\WindowsPowerShell\\Modules;C:\\Program Files\\WindowsPowerShell\\Modules;C:\\WINDOWS\\system32\\WindowsPowerShell\\v1.0\\Modules;'
    'PUBLIC' => 'C:\\Users\\Public'
    'SESSIONNAME' => 'Console'
    'SynaProgDir' => 'Synaptics\\SynTP'
    'SystemDrive' => 'C:'
    'SystemRoot' => 'C:\\WINDOWS'
    'TEMP' => 'C:\\Users\\Chandu\\AppData\\Local\\Temp'
    'TMP' => 'C:\\Users\\Chandu\\AppData\\Local\\Temp'
    'USERDOMAIN' => 'DESKTOP-LAI50I7'
    'USERDOMAIN_ROAMINGPROFILE' => 'DESKTOP-LAI50I7'
    'USERNAME' => 'Chandu'
    'USERPROFILE' => 'C:\\Users\\Chandu'
    'VSCODE_CWD' => 'C:\\Users\\Chandu\\AppData\\Local\\Programs\\Microsoft VS Code'
    'windir' => 'C:\\WINDOWS'
    'TERM_PROGRAM' => 'vscode'
    'TERM_PROGRAM_VERSION' => '1.28.2'
    'YII_PATH' => 'C:\\xampp\\htdocs\\blog\\blog\\_protected\\'
    'PHP_SELF' => 'C:\\xampp\\htdocs\\blog\\blog\\_protected\\yii'
    'SCRIPT_NAME' => 'C:\\xampp\\htdocs\\blog\\blog\\_protected\\yii'
    'SCRIPT_FILENAME' => 'C:\\xampp\\htdocs\\blog\\blog\\_protected\\yii'
    'PATH_TRANSLATED' => 'C:\\xampp\\htdocs\\blog\\blog\\_protected\\yii'
    'DOCUMENT_ROOT' => ''
    'REQUEST_TIME_FLOAT' => 1541727084.2269
    'REQUEST_TIME' => 1541727084
    'argv' => [
        0 => 'C:\\xampp\\htdocs\\blog\\blog\\_protected\\yii'
        1 => 'migrate'
    ]
    'argc' => 2
]
2018-11-09 02:32:03 [-][-][-][error][yii\db\Exception] PDOException: SQLSTATE[HY000] [2002] No connection could be made because the target machine actively refused it.
 in C:\xampp\htdocs\blog\blog\_protected\vendor\yiisoft\yii2\db\Connection.php:687
Stack trace:
#0 C:\xampp\htdocs\blog\blog\_protected\vendor\yiisoft\yii2\db\Connection.php(687): PDO->__construct('mysql:host=loca...', 'root', '', NULL)
#1 C:\xampp\htdocs\blog\blog\_protected\vendor\yiisoft\yii2\db\Connection.php(613): yii\db\Connection->createPdoInstance()
#2 C:\xampp\htdocs\blog\blog\_protected\vendor\yiisoft\yii2\db\Connection.php(996): yii\db\Connection->open()
#3 C:\xampp\htdocs\blog\blog\_protected\vendor\yiisoft\yii2\db\Connection.php(983): yii\db\Connection->getMasterPdo()
#4 C:\xampp\htdocs\blog\blog\_protected\vendor\yiisoft\yii2\db\Command.php(253): yii\db\Connection->getSlavePdo()
#5 C:\xampp\htdocs\blog\blog\_protected\vendor\yiisoft\yii2\db\Command.php(1143): yii\db\Command->prepare(true)
#6 C:\xampp\htdocs\blog\blog\_protected\vendor\yiisoft\yii2\db\Command.php(399): yii\db\Command->queryInternal('fetchAll', NULL)
#7 C:\xampp\htdocs\blog\blog\_protected\vendor\yiisoft\yii2\db\mysql\Schema.php(312): yii\db\Command->queryAll()
#8 C:\xampp\htdocs\blog\blog\_protected\vendor\yiisoft\yii2\db\mysql\Schema.php(125): yii\db\mysql\Schema->findColumns(Object(yii\db\TableSchema))
#9 C:\xampp\htdocs\blog\blog\_protected\vendor\yiisoft\yii2\db\Schema.php(744): yii\db\mysql\Schema->loadTableSchema('auth_rule')
#10 C:\xampp\htdocs\blog\blog\_protected\vendor\yiisoft\yii2\db\Schema.php(194): yii\db\Schema->getTableMetadata('{{%auth_rule}}', 'schema', false)
#11 C:\xampp\htdocs\blog\blog\_protected\vendor\yiisoft\yii2\db\QueryBuilder.php(365): yii\db\Schema->getTableSchema('{{%auth_rule}}')
#12 C:\xampp\htdocs\blog\blog\_protected\vendor\yiisoft\yii2\db\mysql\QueryBuilder.php(249): yii\db\QueryBuilder->prepareInsertValues('{{%auth_rule}}', Array, Array)
#13 C:\xampp\htdocs\blog\blog\_protected\vendor\yiisoft\yii2\db\QueryBuilder.php(345): yii\db\mysql\QueryBuilder->prepareInsertValues('{{%auth_rule}}', Array, Array)
#14 C:\xampp\htdocs\blog\blog\_protected\vendor\yiisoft\yii2\db\Command.php(470): yii\db\QueryBuilder->insert('{{%auth_rule}}', Array, Array)
#15 C:\xampp\htdocs\blog\blog\_protected\vendor\yiisoft\yii2\rbac\DbManager.php(365): yii\db\Command->insert('{{%auth_rule}}', Array)
#16 C:\xampp\htdocs\blog\blog\_protected\vendor\yiisoft\yii2\rbac\BaseManager.php(135): yii\rbac\DbManager->addRule(Object(app\rbac\rules\AuthorRule))
#17 C:\xampp\htdocs\blog\blog\_protected\console\controllers\RbacController.php(42): yii\rbac\BaseManager->add(Object(app\rbac\rules\AuthorRule))
#18 [internal function]: app\console\controllers\RbacController->actionInit()
#19 C:\xampp\htdocs\blog\blog\_protected\vendor\yiisoft\yii2\base\InlineAction.php(57): call_user_func_array(Array, Array)
#20 C:\xampp\htdocs\blog\blog\_protected\vendor\yiisoft\yii2\base\Controller.php(157): yii\base\InlineAction->runWithParams(Array)
#21 C:\xampp\htdocs\blog\blog\_protected\vendor\yiisoft\yii2\console\Controller.php(148): yii\base\Controller->runAction('init', Array)
#22 C:\xampp\htdocs\blog\blog\_protected\vendor\yiisoft\yii2\base\Module.php(528): yii\console\Controller->runAction('init', Array)
#23 C:\xampp\htdocs\blog\blog\_protected\vendor\yiisoft\yii2\console\Application.php(180): yii\base\Module->runAction('rbac/init', Array)
#24 C:\xampp\htdocs\blog\blog\_protected\vendor\yiisoft\yii2\console\Application.php(147): yii\console\Application->runAction('rbac/init', Array)
#25 C:\xampp\htdocs\blog\blog\_protected\vendor\yiisoft\yii2\base\Application.php(386): yii\console\Application->handleRequest(Object(yii\console\Request))
#26 C:\xampp\htdocs\blog\blog\_protected\yii(20): yii\base\Application->run()
#27 {main}

Next yii\db\Exception: SQLSTATE[HY000] [2002] No connection could be made because the target machine actively refused it.
 in C:\xampp\htdocs\blog\blog\_protected\vendor\yiisoft\yii2\db\Connection.php:624
Stack trace:
#0 C:\xampp\htdocs\blog\blog\_protected\vendor\yiisoft\yii2\db\Connection.php(996): yii\db\Connection->open()
#1 C:\xampp\htdocs\blog\blog\_protected\vendor\yiisoft\yii2\db\Connection.php(983): yii\db\Connection->getMasterPdo()
#2 C:\xampp\htdocs\blog\blog\_protected\vendor\yiisoft\yii2\db\Command.php(253): yii\db\Connection->getSlavePdo()
#3 C:\xampp\htdocs\blog\blog\_protected\vendor\yiisoft\yii2\db\Command.php(1143): yii\db\Command->prepare(true)
#4 C:\xampp\htdocs\blog\blog\_protected\vendor\yiisoft\yii2\db\Command.php(399): yii\db\Command->queryInternal('fetchAll', NULL)
#5 C:\xampp\htdocs\blog\blog\_protected\vendor\yiisoft\yii2\db\mysql\Schema.php(312): yii\db\Command->queryAll()
#6 C:\xampp\htdocs\blog\blog\_protected\vendor\yiisoft\yii2\db\mysql\Schema.php(125): yii\db\mysql\Schema->findColumns(Object(yii\db\TableSchema))
#7 C:\xampp\htdocs\blog\blog\_protected\vendor\yiisoft\yii2\db\Schema.php(744): yii\db\mysql\Schema->loadTableSchema('auth_rule')
#8 C:\xampp\htdocs\blog\blog\_protected\vendor\yiisoft\yii2\db\Schema.php(194): yii\db\Schema->getTableMetadata('{{%auth_rule}}', 'schema', false)
#9 C:\xampp\htdocs\blog\blog\_protected\vendor\yiisoft\yii2\db\QueryBuilder.php(365): yii\db\Schema->getTableSchema('{{%auth_rule}}')
#10 C:\xampp\htdocs\blog\blog\_protected\vendor\yiisoft\yii2\db\mysql\QueryBuilder.php(249): yii\db\QueryBuilder->prepareInsertValues('{{%auth_rule}}', Array, Array)
#11 C:\xampp\htdocs\blog\blog\_protected\vendor\yiisoft\yii2\db\QueryBuilder.php(345): yii\db\mysql\QueryBuilder->prepareInsertValues('{{%auth_rule}}', Array, Array)
#12 C:\xampp\htdocs\blog\blog\_protected\vendor\yiisoft\yii2\db\Command.php(470): yii\db\QueryBuilder->insert('{{%auth_rule}}', Array, Array)
#13 C:\xampp\htdocs\blog\blog\_protected\vendor\yiisoft\yii2\rbac\DbManager.php(365): yii\db\Command->insert('{{%auth_rule}}', Array)
#14 C:\xampp\htdocs\blog\blog\_protected\vendor\yiisoft\yii2\rbac\BaseManager.php(135): yii\rbac\DbManager->addRule(Object(app\rbac\rules\AuthorRule))
#15 C:\xampp\htdocs\blog\blog\_protected\console\controllers\RbacController.php(42): yii\rbac\BaseManager->add(Object(app\rbac\rules\AuthorRule))
#16 [internal function]: app\console\controllers\RbacController->actionInit()
#17 C:\xampp\htdocs\blog\blog\_protected\vendor\yiisoft\yii2\base\InlineAction.php(57): call_user_func_array(Array, Array)
#18 C:\xampp\htdocs\blog\blog\_protected\vendor\yiisoft\yii2\base\Controller.php(157): yii\base\InlineAction->runWithParams(Array)
#19 C:\xampp\htdocs\blog\blog\_protected\vendor\yiisoft\yii2\console\Controller.php(148): yii\base\Controller->runAction('init', Array)
#20 C:\xampp\htdocs\blog\blog\_protected\vendor\yiisoft\yii2\base\Module.php(528): yii\console\Controller->runAction('init', Array)
#21 C:\xampp\htdocs\blog\blog\_protected\vendor\yiisoft\yii2\console\Application.php(180): yii\base\Module->runAction('rbac/init', Array)
#22 C:\xampp\htdocs\blog\blog\_protected\vendor\yiisoft\yii2\console\Application.php(147): yii\console\Application->runAction('rbac/init', Array)
#23 C:\xampp\htdocs\blog\blog\_protected\vendor\yiisoft\yii2\base\Application.php(386): yii\console\Application->handleRequest(Object(yii\console\Request))
#24 C:\xampp\htdocs\blog\blog\_protected\yii(20): yii\base\Application->run()
#25 {main}
Additional Information:

2018-11-09 02:32:01 [-][-][-][info][application] $_GET = []

$_POST = []

$_FILES = []

$_COOKIE = []

$_SERVER = [
    'ALLUSERSPROFILE' => 'C:\\ProgramData'
    'ANDROID_HOME' => 'C:\\Users\\Chandu\\AppData\\Local\\Android\\Sdk'
    'APPDATA' => 'C:\\Users\\Chandu\\AppData\\Roaming'
    'ChocolateyInstall' => 'C:\\ProgramData\\chocolatey'
    'ChocolateyLastPathUpdate' => 'Mon Aug 20 22:41:50 2018'
    'CLASSPATH' => '.;'
    'CommonProgramFiles' => 'C:\\Program Files (x86)\\Common Files'
    'CommonProgramFiles(x86)' => 'C:\\Program Files (x86)\\Common Files'
    'CommonProgramW6432' => 'C:\\Program Files\\Common Files'
    'COMPUTERNAME' => 'DESKTOP-LAI50I7'
    'ComSpec' => 'C:\\WINDOWS\\system32\\cmd.exe'
    'config_job_path' => 'C:\\xampp\\htdocs\\sfcs_main\\'
    'DriverData' => 'C:\\Windows\\System32\\Drivers\\DriverData'
    'FPS_BROWSER_APP_PROFILE_STRING' => 'Internet Explorer'
    'FPS_BROWSER_USER_PROFILE_STRING' => 'Default'
    'HOMEDRIVE' => 'C:'
    'HOMEPATH' => '\\Users\\Chandu'
    'JAVA_HOME' => 'C:\\Program Files\\Java\\jdk1.8.0_181'
    'LOCALAPPDATA' => 'C:\\Users\\Chandu\\AppData\\Local'
    'LOGONSERVER' => '\\\\DESKTOP-LAI50I7'
    'NUMBER_OF_PROCESSORS' => '4'
    'OneDrive' => 'C:\\Users\\Chandu\\OneDrive'
    'OS' => 'Windows_NT'
    'Path' => 'C:\\Program Files (x86)\\Common Files\\Oracle\\Java\\javapath;C:\\ProgramData\\Oracle\\Java\\javapath;C:\\WINDOWS\\system32;C:\\WINDOWS;C:\\WINDOWS\\System32\\Wbem;C:\\WINDOWS\\System32\\WindowsPowerShell\\v1.0\\;C:\\Program Files\\PuTTY\\;C:\\xampp\\php;C:\\Program Files\\Git\\cmd;C:\\ProgramData\\ComposerSetup\\bin;C:\\WINDOWS\\System32\\OpenSSH\\;C:\\Program Files\\Microsoft VS Code\\bin;%AppData%\\npm;C:\\ProgramData\\chocolatey\\bin;C:\\Program Files\\Java\\jdk1.8.0_181\\bin;C:\\Program Files\\nodejs\\;C:\\Users\\Chandu\\AppData\\Local\\Programs\\Python\\Python36\\Scripts\\;C:\\Users\\Chandu\\AppData\\Local\\Programs\\Python\\Python36\\;C:\\Users\\Chandu\\AppData\\Roaming\\npm;C:\\Users\\Chandu\\AppData\\Local\\Programs\\Microsoft VS Code\\bin;C:\\Users\\Chandu\\AppData\\Local\\Android\\Sdk\\platform-tools;C:\\Users\\Chandu\\AppData\\Roaming\\npm'
    'PATHEXT' => '.COM;.EXE;.BAT;.CMD;.VBS;.VBE;.JS;.JSE;.WSF;.WSH;.MSC;.CPL'
    'PHP_COMMAND' => 'php.exe'
    'PROCESSOR_ARCHITECTURE' => 'x86'
    'PROCESSOR_ARCHITEW6432' => 'AMD64'
    'PROCESSOR_IDENTIFIER' => 'Intel64 Family 6 Model 69 Stepping 1, GenuineIntel'
    'PROCESSOR_LEVEL' => '6'
    'PROCESSOR_REVISION' => '4501'
    'ProgramData' => 'C:\\ProgramData'
    'ProgramFiles' => 'C:\\Program Files (x86)'
    'ProgramFiles(x86)' => 'C:\\Program Files (x86)'
    'ProgramW6432' => 'C:\\Program Files'
    'PROMPT' => '$P$G'
    'PSModulePath' => 'C:\\Users\\Chandu\\Documents\\WindowsPowerShell\\Modules;C:\\Program Files\\WindowsPowerShell\\Modules;C:\\WINDOWS\\system32\\WindowsPowerShell\\v1.0\\Modules;'
    'PUBLIC' => 'C:\\Users\\Public'
    'SESSIONNAME' => 'Console'
    'SynaProgDir' => 'Synaptics\\SynTP'
    'SystemDrive' => 'C:'
    'SystemRoot' => 'C:\\WINDOWS'
    'TEMP' => 'C:\\Users\\Chandu\\AppData\\Local\\Temp'
    'TMP' => 'C:\\Users\\Chandu\\AppData\\Local\\Temp'
    'USERDOMAIN' => 'DESKTOP-LAI50I7'
    'USERDOMAIN_ROAMINGPROFILE' => 'DESKTOP-LAI50I7'
    'USERNAME' => 'Chandu'
    'USERPROFILE' => 'C:\\Users\\Chandu'
    'VSCODE_CWD' => 'C:\\Users\\Chandu\\AppData\\Local\\Programs\\Microsoft VS Code'
    'windir' => 'C:\\WINDOWS'
    'TERM_PROGRAM' => 'vscode'
    'TERM_PROGRAM_VERSION' => '1.28.2'
    'YII_PATH' => 'C:\\xampp\\htdocs\\blog\\blog\\_protected\\'
    'PHP_SELF' => 'C:\\xampp\\htdocs\\blog\\blog\\_protected\\yii'
    'SCRIPT_NAME' => 'C:\\xampp\\htdocs\\blog\\blog\\_protected\\yii'
    'SCRIPT_FILENAME' => 'C:\\xampp\\htdocs\\blog\\blog\\_protected\\yii'
    'PATH_TRANSLATED' => 'C:\\xampp\\htdocs\\blog\\blog\\_protected\\yii'
    'DOCUMENT_ROOT' => ''
    'REQUEST_TIME_FLOAT' => 1541727121.3509
    'REQUEST_TIME' => 1541727121
    'argv' => [
        0 => 'C:\\xampp\\htdocs\\blog\\blog\\_protected\\yii'
        1 => 'rbac/init'
    ]
    'argc' => 2
]
2018-11-09 02:40:51 [::1][-][pr0efacnf5kj8f19lqpn1tute7][error][yii\web\HttpException:404] yii\base\InvalidRouteException: Unable to resolve the request: site/web in C:\xampp\htdocs\blog\blog\_protected\vendor\yiisoft\yii2\base\Controller.php:128
Stack trace:
#0 C:\xampp\htdocs\blog\blog\_protected\vendor\yiisoft\yii2\base\Module.php(528): yii\base\Controller->runAction('web', Array)
#1 C:\xampp\htdocs\blog\blog\_protected\vendor\yiisoft\yii2\web\Application.php(103): yii\base\Module->runAction('site/web', Array)
#2 C:\xampp\htdocs\blog\blog\_protected\vendor\yiisoft\yii2\base\Application.php(386): yii\web\Application->handleRequest(Object(yii\web\Request))
#3 C:\xampp\htdocs\blog\blog\index.php(12): yii\base\Application->run()
#4 {main}

Next yii\web\NotFoundHttpException: Page not found. in C:\xampp\htdocs\blog\blog\_protected\vendor\yiisoft\yii2\web\Application.php:115
Stack trace:
#0 C:\xampp\htdocs\blog\blog\_protected\vendor\yiisoft\yii2\base\Application.php(386): yii\web\Application->handleRequest(Object(yii\web\Request))
#1 C:\xampp\htdocs\blog\blog\index.php(12): yii\base\Application->run()
#2 {main}
2018-11-09 02:40:48 [::1][-][pr0efacnf5kj8f19lqpn1tute7][info][application] $_GET = []

$_POST = []

$_FILES = []

$_COOKIE = [
    'csrftoken' => 'AHDWCVMb3EoO45hn3PyhlX8kM8wmVV7sJD6M5KhRY5GntAMlSrQfT1TofoT5i2kX'
    'u' => '7a3e25d2dcbd61715f21255b3098795bf6419226'
    '_csrf' => '892cdd2d99b032298d1f62ae135f42582687f5e20ea5eebf03e6b4b806453a03a:2:{i:0;s:5:\"_csrf\";i:1;s:32:\"a0qRSH4UyGHZX1eMG_UPDKoY-xfNNrof\";}'
    'PHPSESSID' => 'pr0efacnf5kj8f19lqpn1tute7'
]

$_SESSION = [
    '__flash' => []
]

$_SERVER = [
    'REDIRECT_MIBDIRS' => 'C:/xampp/php/extras/mibs'
    'REDIRECT_MYSQL_HOME' => '\\xampp\\mysql\\bin'
    'REDIRECT_OPENSSL_CONF' => 'C:/xampp/apache/bin/openssl.cnf'
    'REDIRECT_PHP_PEAR_SYSCONF_DIR' => '\\xampp\\php'
    'REDIRECT_PHPRC' => '\\xampp\\php'
    'REDIRECT_TMP' => '\\xampp\\tmp'
    'REDIRECT_STATUS' => '200'
    'MIBDIRS' => 'C:/xampp/php/extras/mibs'
    'MYSQL_HOME' => '\\xampp\\mysql\\bin'
    'OPENSSL_CONF' => 'C:/xampp/apache/bin/openssl.cnf'
    'PHP_PEAR_SYSCONF_DIR' => '\\xampp\\php'
    'PHPRC' => '\\xampp\\php'
    'TMP' => '\\xampp\\tmp'
    'HTTP_HOST' => 'localhost'
    'HTTP_CONNECTION' => 'keep-alive'
    'HTTP_UPGRADE_INSECURE_REQUESTS' => '1'
    'HTTP_USER_AGENT' => 'Mozilla/5.0 (Windows NT 10.0; Win64; x64) AppleWebKit/537.36 (KHTML, like Gecko) Chrome/70.0.3538.77 Safari/537.36'
    'HTTP_ACCEPT' => 'text/html,application/xhtml+xml,application/xml;q=0.9,image/webp,image/apng,*/*;q=0.8'
    'HTTP_ACCEPT_ENCODING' => 'gzip, deflate, br'
    'HTTP_ACCEPT_LANGUAGE' => 'en-US,en;q=0.9'
    'HTTP_COOKIE' => 'csrftoken=AHDWCVMb3EoO45hn3PyhlX8kM8wmVV7sJD6M5KhRY5GntAMlSrQfT1TofoT5i2kX; u=7a3e25d2dcbd61715f21255b3098795bf6419226; _csrf=892cdd2d99b032298d1f62ae135f42582687f5e20ea5eebf03e6b4b806453a03a%3A2%3A%7Bi%3A0%3Bs%3A5%3A%22_csrf%22%3Bi%3A1%3Bs%3A32%3A%22a0qRSH4UyGHZX1eMG_UPDKoY-xfNNrof%22%3B%7D; PHPSESSID=pr0efacnf5kj8f19lqpn1tute7'
    'PATH' => 'C:\\Program Files (x86)\\Common Files\\Oracle\\Java\\javapath;C:\\ProgramData\\Oracle\\Java\\javapath;C:\\WINDOWS\\system32;C:\\WINDOWS;C:\\WINDOWS\\System32\\Wbem;C:\\WINDOWS\\System32\\WindowsPowerShell\\v1.0\\;C:\\Program Files\\PuTTY\\;C:\\xampp\\php;C:\\Program Files\\Git\\cmd;C:\\ProgramData\\ComposerSetup\\bin;C:\\WINDOWS\\System32\\OpenSSH\\;C:\\Program Files\\Microsoft VS Code\\bin;%AppData%\\npm;C:\\ProgramData\\chocolatey\\bin;C:\\Program Files\\Java\\jdk1.8.0_181\\bin;C:\\Program Files\\nodejs\\;C:\\Users\\Chandu\\AppData\\Local\\Programs\\Python\\Python36\\Scripts\\;C:\\Users\\Chandu\\AppData\\Local\\Programs\\Python\\Python36\\;C:\\Users\\Chandu\\AppData\\Roaming\\npm;C:\\Users\\Chandu\\AppData\\Local\\Programs\\Microsoft VS Code\\bin;C:\\Users\\Chandu\\AppData\\Local\\Android\\Sdk\\platform-tools;C:\\Users\\Chandu\\AppData\\Roaming\\npm'
    'SystemRoot' => 'C:\\WINDOWS'
    'COMSPEC' => 'C:\\WINDOWS\\system32\\cmd.exe'
    'PATHEXT' => '.COM;.EXE;.BAT;.CMD;.VBS;.VBE;.JS;.JSE;.WSF;.WSH;.MSC'
    'WINDIR' => 'C:\\WINDOWS'
    'SERVER_SIGNATURE' => '<address>Apache/2.4.26 (Win32) OpenSSL/1.0.2l PHP/7.1.7 Server at localhost Port 80</address>
'
    'SERVER_SOFTWARE' => 'Apache/2.4.26 (Win32) OpenSSL/1.0.2l PHP/7.1.7'
    'SERVER_NAME' => 'localhost'
    'SERVER_ADDR' => '::1'
    'SERVER_PORT' => '80'
    'REMOTE_ADDR' => '::1'
    'DOCUMENT_ROOT' => 'C:/xampp/htdocs'
    'REQUEST_SCHEME' => 'http'
    'CONTEXT_PREFIX' => ''
    'CONTEXT_DOCUMENT_ROOT' => 'C:/xampp/htdocs'
    'SERVER_ADMIN' => 'postmaster@localhost'
    'SCRIPT_FILENAME' => 'C:/xampp/htdocs/blog/blog/index.php'
    'REMOTE_PORT' => '54519'
    'REDIRECT_URL' => '/blog/blog/web'
    'GATEWAY_INTERFACE' => 'CGI/1.1'
    'SERVER_PROTOCOL' => 'HTTP/1.1'
    'REQUEST_METHOD' => 'GET'
    'QUERY_STRING' => ''
    'REQUEST_URI' => '/blog/blog/web'
    'SCRIPT_NAME' => '/blog/blog/index.php'
    'PHP_SELF' => '/blog/blog/index.php'
    'REQUEST_TIME_FLOAT' => 1541727648.834
    'REQUEST_TIME' => 1541727648
]
2018-11-09 02:55:31 [::1][-][pr0efacnf5kj8f19lqpn1tute7][error][yii\web\HttpException:404] yii\base\InvalidRouteException: Unable to resolve the request: site/web in C:\xampp\htdocs\blog\blog\_protected\vendor\yiisoft\yii2\base\Controller.php:128
Stack trace:
#0 C:\xampp\htdocs\blog\blog\_protected\vendor\yiisoft\yii2\base\Module.php(528): yii\base\Controller->runAction('web', Array)
#1 C:\xampp\htdocs\blog\blog\_protected\vendor\yiisoft\yii2\web\Application.php(103): yii\base\Module->runAction('site/web', Array)
#2 C:\xampp\htdocs\blog\blog\_protected\vendor\yiisoft\yii2\base\Application.php(386): yii\web\Application->handleRequest(Object(yii\web\Request))
#3 C:\xampp\htdocs\blog\blog\index.php(12): yii\base\Application->run()
#4 {main}

Next yii\web\NotFoundHttpException: Page not found. in C:\xampp\htdocs\blog\blog\_protected\vendor\yiisoft\yii2\web\Application.php:115
Stack trace:
#0 C:\xampp\htdocs\blog\blog\_protected\vendor\yiisoft\yii2\base\Application.php(386): yii\web\Application->handleRequest(Object(yii\web\Request))
#1 C:\xampp\htdocs\blog\blog\index.php(12): yii\base\Application->run()
#2 {main}
2018-11-09 02:55:31 [::1][-][pr0efacnf5kj8f19lqpn1tute7][info][application] $_GET = []

$_POST = []

$_FILES = []

$_COOKIE = [
    'csrftoken' => 'AHDWCVMb3EoO45hn3PyhlX8kM8wmVV7sJD6M5KhRY5GntAMlSrQfT1TofoT5i2kX'
    'u' => '7a3e25d2dcbd61715f21255b3098795bf6419226'
    'PHPSESSID' => 'pr0efacnf5kj8f19lqpn1tute7'
    '_csrf' => 'ab3a6d1a0b6da926dbbbce7f6a76f0539c57d60baf9bd5a2ecb877a2ac0db202a:2:{i:0;s:5:\"_csrf\";i:1;s:32:\"shy7Qhq3xA8SUsbtLxrlaGZsw8H-6icm\";}'
]

$_SESSION = [
    '__flash' => []
]

$_SERVER = [
    'REDIRECT_MIBDIRS' => 'C:/xampp/php/extras/mibs'
    'REDIRECT_MYSQL_HOME' => '\\xampp\\mysql\\bin'
    'REDIRECT_OPENSSL_CONF' => 'C:/xampp/apache/bin/openssl.cnf'
    'REDIRECT_PHP_PEAR_SYSCONF_DIR' => '\\xampp\\php'
    'REDIRECT_PHPRC' => '\\xampp\\php'
    'REDIRECT_TMP' => '\\xampp\\tmp'
    'REDIRECT_STATUS' => '200'
    'MIBDIRS' => 'C:/xampp/php/extras/mibs'
    'MYSQL_HOME' => '\\xampp\\mysql\\bin'
    'OPENSSL_CONF' => 'C:/xampp/apache/bin/openssl.cnf'
    'PHP_PEAR_SYSCONF_DIR' => '\\xampp\\php'
    'PHPRC' => '\\xampp\\php'
    'TMP' => '\\xampp\\tmp'
    'HTTP_HOST' => 'localhost'
    'HTTP_CONNECTION' => 'keep-alive'
    'HTTP_CACHE_CONTROL' => 'max-age=0'
    'HTTP_UPGRADE_INSECURE_REQUESTS' => '1'
    'HTTP_USER_AGENT' => 'Mozilla/5.0 (Windows NT 10.0; Win64; x64) AppleWebKit/537.36 (KHTML, like Gecko) Chrome/70.0.3538.77 Safari/537.36'
    'HTTP_ACCEPT' => 'text/html,application/xhtml+xml,application/xml;q=0.9,image/webp,image/apng,*/*;q=0.8'
    'HTTP_ACCEPT_ENCODING' => 'gzip, deflate, br'
    'HTTP_ACCEPT_LANGUAGE' => 'en-US,en;q=0.9'
    'HTTP_COOKIE' => 'csrftoken=AHDWCVMb3EoO45hn3PyhlX8kM8wmVV7sJD6M5KhRY5GntAMlSrQfT1TofoT5i2kX; u=7a3e25d2dcbd61715f21255b3098795bf6419226; PHPSESSID=pr0efacnf5kj8f19lqpn1tute7; _csrf=ab3a6d1a0b6da926dbbbce7f6a76f0539c57d60baf9bd5a2ecb877a2ac0db202a%3A2%3A%7Bi%3A0%3Bs%3A5%3A%22_csrf%22%3Bi%3A1%3Bs%3A32%3A%22shy7Qhq3xA8SUsbtLxrlaGZsw8H-6icm%22%3B%7D'
    'PATH' => 'C:\\Program Files (x86)\\Common Files\\Oracle\\Java\\javapath;C:\\ProgramData\\Oracle\\Java\\javapath;C:\\WINDOWS\\system32;C:\\WINDOWS;C:\\WINDOWS\\System32\\Wbem;C:\\WINDOWS\\System32\\WindowsPowerShell\\v1.0\\;C:\\Program Files\\PuTTY\\;C:\\xampp\\php;C:\\Program Files\\Git\\cmd;C:\\ProgramData\\ComposerSetup\\bin;C:\\WINDOWS\\System32\\OpenSSH\\;C:\\Program Files\\Microsoft VS Code\\bin;%AppData%\\npm;C:\\ProgramData\\chocolatey\\bin;C:\\Program Files\\Java\\jdk1.8.0_181\\bin;C:\\Program Files\\nodejs\\;C:\\Users\\Chandu\\AppData\\Local\\Programs\\Python\\Python36\\Scripts\\;C:\\Users\\Chandu\\AppData\\Local\\Programs\\Python\\Python36\\;C:\\Users\\Chandu\\AppData\\Roaming\\npm;C:\\Users\\Chandu\\AppData\\Local\\Programs\\Microsoft VS Code\\bin;C:\\Users\\Chandu\\AppData\\Local\\Android\\Sdk\\platform-tools;C:\\Users\\Chandu\\AppData\\Roaming\\npm'
    'SystemRoot' => 'C:\\WINDOWS'
    'COMSPEC' => 'C:\\WINDOWS\\system32\\cmd.exe'
    'PATHEXT' => '.COM;.EXE;.BAT;.CMD;.VBS;.VBE;.JS;.JSE;.WSF;.WSH;.MSC'
    'WINDIR' => 'C:\\WINDOWS'
    'SERVER_SIGNATURE' => '<address>Apache/2.4.26 (Win32) OpenSSL/1.0.2l PHP/7.1.7 Server at localhost Port 80</address>
'
    'SERVER_SOFTWARE' => 'Apache/2.4.26 (Win32) OpenSSL/1.0.2l PHP/7.1.7'
    'SERVER_NAME' => 'localhost'
    'SERVER_ADDR' => '::1'
    'SERVER_PORT' => '80'
    'REMOTE_ADDR' => '::1'
    'DOCUMENT_ROOT' => 'C:/xampp/htdocs'
    'REQUEST_SCHEME' => 'http'
    'CONTEXT_PREFIX' => ''
    'CONTEXT_DOCUMENT_ROOT' => 'C:/xampp/htdocs'
    'SERVER_ADMIN' => 'postmaster@localhost'
    'SCRIPT_FILENAME' => 'C:/xampp/htdocs/blog/blog/index.php'
    'REMOTE_PORT' => '54753'
    'REDIRECT_URL' => '/blog/blog/web'
    'GATEWAY_INTERFACE' => 'CGI/1.1'
    'SERVER_PROTOCOL' => 'HTTP/1.1'
    'REQUEST_METHOD' => 'GET'
    'QUERY_STRING' => ''
    'REQUEST_URI' => '/blog/blog/web'
    'SCRIPT_NAME' => '/blog/blog/index.php'
    'PHP_SELF' => '/blog/blog/index.php'
    'REQUEST_TIME_FLOAT' => 1541728531.144
    'REQUEST_TIME' => 1541728531
]
2018-11-09 03:26:34 [::1][-][j092von4qml6dq2hk6149egkn3][error][yii\web\HttpException:404] yii\base\InvalidRouteException: Unable to resolve the request "post/index". in C:\xampp\htdocs\blog\blog\_protected\vendor\yiisoft\yii2\base\Module.php:537
Stack trace:
#0 C:\xampp\htdocs\blog\blog\_protected\vendor\yiisoft\yii2\web\Application.php(103): yii\base\Module->runAction('post/index', Array)
#1 C:\xampp\htdocs\blog\blog\_protected\vendor\yiisoft\yii2\base\Application.php(386): yii\web\Application->handleRequest(Object(yii\web\Request))
#2 C:\xampp\htdocs\blog\blog\index.php(12): yii\base\Application->run()
#3 {main}

Next yii\web\NotFoundHttpException: Page not found. in C:\xampp\htdocs\blog\blog\_protected\vendor\yiisoft\yii2\web\Application.php:115
Stack trace:
#0 C:\xampp\htdocs\blog\blog\_protected\vendor\yiisoft\yii2\base\Application.php(386): yii\web\Application->handleRequest(Object(yii\web\Request))
#1 C:\xampp\htdocs\blog\blog\index.php(12): yii\base\Application->run()
#2 {main}
2018-11-09 03:26:34 [::1][-][j092von4qml6dq2hk6149egkn3][info][application] $_GET = []

$_POST = []

$_FILES = []

$_COOKIE = [
    'csrftoken' => 'AHDWCVMb3EoO45hn3PyhlX8kM8wmVV7sJD6M5KhRY5GntAMlSrQfT1TofoT5i2kX'
    'u' => '7a3e25d2dcbd61715f21255b3098795bf6419226'
    '_csrf' => 'e9b679cb63b267339d084b33c0a60c523ebcb853e91cd70944ea93e4c82830c1a:2:{i:0;s:5:\"_csrf\";i:1;s:32:\"5wnbPuRthVNZd7-T2G5ZUsw4S-fbEW2h\";}'
    'PHPSESSID' => 'j092von4qml6dq2hk6149egkn3'
]

$_SESSION = [
    '__flash' => []
]

$_SERVER = [
    'REDIRECT_MIBDIRS' => 'C:/xampp/php/extras/mibs'
    'REDIRECT_MYSQL_HOME' => '\\xampp\\mysql\\bin'
    'REDIRECT_OPENSSL_CONF' => 'C:/xampp/apache/bin/openssl.cnf'
    'REDIRECT_PHP_PEAR_SYSCONF_DIR' => '\\xampp\\php'
    'REDIRECT_PHPRC' => '\\xampp\\php'
    'REDIRECT_TMP' => '\\xampp\\tmp'
    'REDIRECT_STATUS' => '200'
    'MIBDIRS' => 'C:/xampp/php/extras/mibs'
    'MYSQL_HOME' => '\\xampp\\mysql\\bin'
    'OPENSSL_CONF' => 'C:/xampp/apache/bin/openssl.cnf'
    'PHP_PEAR_SYSCONF_DIR' => '\\xampp\\php'
    'PHPRC' => '\\xampp\\php'
    'TMP' => '\\xampp\\tmp'
    'HTTP_HOST' => 'localhost'
    'HTTP_CONNECTION' => 'keep-alive'
    'HTTP_UPGRADE_INSECURE_REQUESTS' => '1'
    'HTTP_USER_AGENT' => 'Mozilla/5.0 (Windows NT 10.0; Win64; x64) AppleWebKit/537.36 (KHTML, like Gecko) Chrome/70.0.3538.77 Safari/537.36'
    'HTTP_ACCEPT' => 'text/html,application/xhtml+xml,application/xml;q=0.9,image/webp,image/apng,*/*;q=0.8'
    'HTTP_ACCEPT_ENCODING' => 'gzip, deflate, br'
    'HTTP_ACCEPT_LANGUAGE' => 'en-US,en;q=0.9'
    'HTTP_COOKIE' => 'csrftoken=AHDWCVMb3EoO45hn3PyhlX8kM8wmVV7sJD6M5KhRY5GntAMlSrQfT1TofoT5i2kX; u=7a3e25d2dcbd61715f21255b3098795bf6419226; _csrf=e9b679cb63b267339d084b33c0a60c523ebcb853e91cd70944ea93e4c82830c1a%3A2%3A%7Bi%3A0%3Bs%3A5%3A%22_csrf%22%3Bi%3A1%3Bs%3A32%3A%225wnbPuRthVNZd7-T2G5ZUsw4S-fbEW2h%22%3B%7D; PHPSESSID=j092von4qml6dq2hk6149egkn3'
    'PATH' => 'C:\\Program Files (x86)\\Common Files\\Oracle\\Java\\javapath;C:\\ProgramData\\Oracle\\Java\\javapath;C:\\WINDOWS\\system32;C:\\WINDOWS;C:\\WINDOWS\\System32\\Wbem;C:\\WINDOWS\\System32\\WindowsPowerShell\\v1.0\\;C:\\Program Files\\PuTTY\\;C:\\xampp\\php;C:\\Program Files\\Git\\cmd;C:\\ProgramData\\ComposerSetup\\bin;C:\\WINDOWS\\System32\\OpenSSH\\;C:\\Program Files\\Microsoft VS Code\\bin;%AppData%\\npm;C:\\ProgramData\\chocolatey\\bin;C:\\Program Files\\Java\\jdk1.8.0_181\\bin;C:\\Program Files\\nodejs\\;C:\\Users\\Chandu\\AppData\\Local\\Programs\\Python\\Python36\\Scripts\\;C:\\Users\\Chandu\\AppData\\Local\\Programs\\Python\\Python36\\;C:\\Users\\Chandu\\AppData\\Roaming\\npm;C:\\Users\\Chandu\\AppData\\Local\\Programs\\Microsoft VS Code\\bin;C:\\Users\\Chandu\\AppData\\Local\\Android\\Sdk\\platform-tools;C:\\Users\\Chandu\\AppData\\Roaming\\npm'
    'SystemRoot' => 'C:\\WINDOWS'
    'COMSPEC' => 'C:\\WINDOWS\\system32\\cmd.exe'
    'PATHEXT' => '.COM;.EXE;.BAT;.CMD;.VBS;.VBE;.JS;.JSE;.WSF;.WSH;.MSC'
    'WINDIR' => 'C:\\WINDOWS'
    'SERVER_SIGNATURE' => '<address>Apache/2.4.26 (Win32) OpenSSL/1.0.2l PHP/7.1.7 Server at localhost Port 80</address>
'
    'SERVER_SOFTWARE' => 'Apache/2.4.26 (Win32) OpenSSL/1.0.2l PHP/7.1.7'
    'SERVER_NAME' => 'localhost'
    'SERVER_ADDR' => '::1'
    'SERVER_PORT' => '80'
    'REMOTE_ADDR' => '::1'
    'DOCUMENT_ROOT' => 'C:/xampp/htdocs'
    'REQUEST_SCHEME' => 'http'
    'CONTEXT_PREFIX' => ''
    'CONTEXT_DOCUMENT_ROOT' => 'C:/xampp/htdocs'
    'SERVER_ADMIN' => 'postmaster@localhost'
    'SCRIPT_FILENAME' => 'C:/xampp/htdocs/blog/blog/index.php'
    'REMOTE_PORT' => '55270'
    'REDIRECT_URL' => '/blog/blog/post/index'
    'GATEWAY_INTERFACE' => 'CGI/1.1'
    'SERVER_PROTOCOL' => 'HTTP/1.1'
    'REQUEST_METHOD' => 'GET'
    'QUERY_STRING' => ''
    'REQUEST_URI' => '/blog/blog/post/index'
    'SCRIPT_NAME' => '/blog/blog/index.php'
    'PHP_SELF' => '/blog/blog/index.php'
    'REQUEST_TIME_FLOAT' => 1541730394.213
    'REQUEST_TIME' => 1541730394
]
2018-11-09 07:01:23 [::1][-][j092von4qml6dq2hk6149egkn3][error][yii\web\HttpException:404] yii\base\InvalidRouteException: Unable to resolve the request "assets/a64dd0fd/plugins/pbckcode/plugin.js". in C:\xampp\htdocs\blog\blog\_protected\vendor\yiisoft\yii2\base\Module.php:537
Stack trace:
#0 C:\xampp\htdocs\blog\blog\_protected\vendor\yiisoft\yii2\web\Application.php(103): yii\base\Module->runAction('assets/a64dd0fd...', Array)
#1 C:\xampp\htdocs\blog\blog\_protected\vendor\yiisoft\yii2\base\Application.php(386): yii\web\Application->handleRequest(Object(yii\web\Request))
#2 C:\xampp\htdocs\blog\blog\index.php(12): yii\base\Application->run()
#3 {main}

Next yii\web\NotFoundHttpException: Page not found. in C:\xampp\htdocs\blog\blog\_protected\vendor\yiisoft\yii2\web\Application.php:115
Stack trace:
#0 C:\xampp\htdocs\blog\blog\_protected\vendor\yiisoft\yii2\base\Application.php(386): yii\web\Application->handleRequest(Object(yii\web\Request))
#1 C:\xampp\htdocs\blog\blog\index.php(12): yii\base\Application->run()
#2 {main}
2018-11-09 07:01:22 [::1][-][j092von4qml6dq2hk6149egkn3][info][application] $_GET = [
    't' => 'H8DC'
]

$_POST = []

$_FILES = []

$_COOKIE = [
    'csrftoken' => 'AHDWCVMb3EoO45hn3PyhlX8kM8wmVV7sJD6M5KhRY5GntAMlSrQfT1TofoT5i2kX'
    'u' => '7a3e25d2dcbd61715f21255b3098795bf6419226'
    '_csrf' => 'e9b679cb63b267339d084b33c0a60c523ebcb853e91cd70944ea93e4c82830c1a:2:{i:0;s:5:\"_csrf\";i:1;s:32:\"5wnbPuRthVNZd7-T2G5ZUsw4S-fbEW2h\";}'
    'PHPSESSID' => 'j092von4qml6dq2hk6149egkn3'
    'XSRF-TOKEN' => 'eyJpdiI6IlM3aEZPczlta1h4cG5iKzN4Zmhxdmc9PSIsInZhbHVlIjoiMXdYSFd4YnpGbER0SjRlcW04K0s5UFkzNzN3QWpZTDhzalFFU09leW9XZjlva0dlYjNqWEtRZ3Q1MnVFXC94SjQiLCJtYWMiOiJkYTc0YWIzYjdhMzkyNGEzYzFiOWJlYmMwMDg2ZTUwMjEyMWFmY2FlM2RjODNkNzFlM2Y2YTA2MWE0OTlhMGI5In0='
    'laravel_session' => 'eyJpdiI6Im9LYm16OERNRzZxTGlzOVJqRUhIc0E9PSIsInZhbHVlIjoiazRBY2l0SUdlV1NxMUg0TXJFSEk1bTlXZW9xQnJySExEMGN5TGFYdkw2aHhOdkt1XC9ieDRNNjRGM2t3T0x1WHEiLCJtYWMiOiI4ODg0YzcyYjE0N2E5MjQ3ZjMzZjg2MmNkN2Q3MDI2OTkwMzM0OTJjYzc0NGI4ODQ0YTIyNDAzNzU4YjllODJjIn0='
]

$_SESSION = [
    '__flash' => []
]

$_SERVER = [
    'REDIRECT_MIBDIRS' => 'C:/xampp/php/extras/mibs'
    'REDIRECT_MYSQL_HOME' => '\\xampp\\mysql\\bin'
    'REDIRECT_OPENSSL_CONF' => 'C:/xampp/apache/bin/openssl.cnf'
    'REDIRECT_PHP_PEAR_SYSCONF_DIR' => '\\xampp\\php'
    'REDIRECT_PHPRC' => '\\xampp\\php'
    'REDIRECT_TMP' => '\\xampp\\tmp'
    'REDIRECT_STATUS' => '200'
    'MIBDIRS' => 'C:/xampp/php/extras/mibs'
    'MYSQL_HOME' => '\\xampp\\mysql\\bin'
    'OPENSSL_CONF' => 'C:/xampp/apache/bin/openssl.cnf'
    'PHP_PEAR_SYSCONF_DIR' => '\\xampp\\php'
    'PHPRC' => '\\xampp\\php'
    'TMP' => '\\xampp\\tmp'
    'HTTP_HOST' => 'localhost'
    'HTTP_CONNECTION' => 'keep-alive'
    'HTTP_USER_AGENT' => 'Mozilla/5.0 (Windows NT 10.0; Win64; x64) AppleWebKit/537.36 (KHTML, like Gecko) Chrome/70.0.3538.77 Safari/537.36'
    'HTTP_ACCEPT' => '*/*'
    'HTTP_REFERER' => 'http://localhost/blog/blog/posts/create'
    'HTTP_ACCEPT_ENCODING' => 'gzip, deflate, br'
    'HTTP_ACCEPT_LANGUAGE' => 'en-US,en;q=0.9'
    'HTTP_COOKIE' => 'csrftoken=AHDWCVMb3EoO45hn3PyhlX8kM8wmVV7sJD6M5KhRY5GntAMlSrQfT1TofoT5i2kX; u=7a3e25d2dcbd61715f21255b3098795bf6419226; _csrf=e9b679cb63b267339d084b33c0a60c523ebcb853e91cd70944ea93e4c82830c1a%3A2%3A%7Bi%3A0%3Bs%3A5%3A%22_csrf%22%3Bi%3A1%3Bs%3A32%3A%225wnbPuRthVNZd7-T2G5ZUsw4S-fbEW2h%22%3B%7D; PHPSESSID=j092von4qml6dq2hk6149egkn3; XSRF-TOKEN=eyJpdiI6IlM3aEZPczlta1h4cG5iKzN4Zmhxdmc9PSIsInZhbHVlIjoiMXdYSFd4YnpGbER0SjRlcW04K0s5UFkzNzN3QWpZTDhzalFFU09leW9XZjlva0dlYjNqWEtRZ3Q1MnVFXC94SjQiLCJtYWMiOiJkYTc0YWIzYjdhMzkyNGEzYzFiOWJlYmMwMDg2ZTUwMjEyMWFmY2FlM2RjODNkNzFlM2Y2YTA2MWE0OTlhMGI5In0%3D; laravel_session=eyJpdiI6Im9LYm16OERNRzZxTGlzOVJqRUhIc0E9PSIsInZhbHVlIjoiazRBY2l0SUdlV1NxMUg0TXJFSEk1bTlXZW9xQnJySExEMGN5TGFYdkw2aHhOdkt1XC9ieDRNNjRGM2t3T0x1WHEiLCJtYWMiOiI4ODg0YzcyYjE0N2E5MjQ3ZjMzZjg2MmNkN2Q3MDI2OTkwMzM0OTJjYzc0NGI4ODQ0YTIyNDAzNzU4YjllODJjIn0%3D'
    'PATH' => 'C:\\Program Files (x86)\\Common Files\\Oracle\\Java\\javapath;C:\\ProgramData\\Oracle\\Java\\javapath;C:\\WINDOWS\\system32;C:\\WINDOWS;C:\\WINDOWS\\System32\\Wbem;C:\\WINDOWS\\System32\\WindowsPowerShell\\v1.0\\;C:\\Program Files\\PuTTY\\;C:\\xampp\\php;C:\\Program Files\\Git\\cmd;C:\\ProgramData\\ComposerSetup\\bin;C:\\WINDOWS\\System32\\OpenSSH\\;C:\\Program Files\\Microsoft VS Code\\bin;%AppData%\\npm;C:\\ProgramData\\chocolatey\\bin;C:\\Program Files\\Java\\jdk1.8.0_181\\bin;C:\\Program Files\\nodejs\\;C:\\Users\\Chandu\\AppData\\Local\\Programs\\Python\\Python36\\Scripts\\;C:\\Users\\Chandu\\AppData\\Local\\Programs\\Python\\Python36\\;C:\\Users\\Chandu\\AppData\\Roaming\\npm;C:\\Users\\Chandu\\AppData\\Local\\Programs\\Microsoft VS Code\\bin;C:\\Users\\Chandu\\AppData\\Local\\Android\\Sdk\\platform-tools;C:\\Users\\Chandu\\AppData\\Roaming\\npm'
    'SystemRoot' => 'C:\\WINDOWS'
    'COMSPEC' => 'C:\\WINDOWS\\system32\\cmd.exe'
    'PATHEXT' => '.COM;.EXE;.BAT;.CMD;.VBS;.VBE;.JS;.JSE;.WSF;.WSH;.MSC'
    'WINDIR' => 'C:\\WINDOWS'
    'SERVER_SIGNATURE' => '<address>Apache/2.4.26 (Win32) OpenSSL/1.0.2l PHP/7.1.7 Server at localhost Port 80</address>
'
    'SERVER_SOFTWARE' => 'Apache/2.4.26 (Win32) OpenSSL/1.0.2l PHP/7.1.7'
    'SERVER_NAME' => 'localhost'
    'SERVER_ADDR' => '::1'
    'SERVER_PORT' => '80'
    'REMOTE_ADDR' => '::1'
    'DOCUMENT_ROOT' => 'C:/xampp/htdocs'
    'REQUEST_SCHEME' => 'http'
    'CONTEXT_PREFIX' => ''
    'CONTEXT_DOCUMENT_ROOT' => 'C:/xampp/htdocs'
    'SERVER_ADMIN' => 'postmaster@localhost'
    'SCRIPT_FILENAME' => 'C:/xampp/htdocs/blog/blog/index.php'
    'REMOTE_PORT' => '51499'
    'REDIRECT_URL' => '/blog/blog/assets/a64dd0fd/plugins/pbckcode/plugin.js'
    'REDIRECT_QUERY_STRING' => 't=H8DC'
    'GATEWAY_INTERFACE' => 'CGI/1.1'
    'SERVER_PROTOCOL' => 'HTTP/1.1'
    'REQUEST_METHOD' => 'GET'
    'QUERY_STRING' => 't=H8DC'
    'REQUEST_URI' => '/blog/blog/assets/a64dd0fd/plugins/pbckcode/plugin.js?t=H8DC'
    'SCRIPT_NAME' => '/blog/blog/index.php'
    'PHP_SELF' => '/blog/blog/index.php'
    'REQUEST_TIME_FLOAT' => 1541743282.298
    'REQUEST_TIME' => 1541743282
]
2018-11-10 02:39:28 [::1][1][7br40kaa2q69psc1evkacu71kl][error][yii\base\UnknownClassException] yii\base\UnknownClassException: Unable to find 'app\models\UploadForm' in file: C:\xampp\htdocs\blog\blog\_protected/models/UploadForm.php. Namespace missing? in C:\xampp\htdocs\blog\blog\_protected\vendor\yiisoft\yii2\BaseYii.php:296
Stack trace:
#0 [internal function]: yii\BaseYii::autoload('app\\models\\Uplo...')
#1 C:\xampp\htdocs\blog\blog\_protected\controllers\PostsController.php(72): spl_autoload_call('app\\models\\Uplo...')
#2 [internal function]: app\controllers\PostsController->actionCreate()
#3 C:\xampp\htdocs\blog\blog\_protected\vendor\yiisoft\yii2\base\InlineAction.php(57): call_user_func_array(Array, Array)
#4 C:\xampp\htdocs\blog\blog\_protected\vendor\yiisoft\yii2\base\Controller.php(157): yii\base\InlineAction->runWithParams(Array)
#5 C:\xampp\htdocs\blog\blog\_protected\vendor\yiisoft\yii2\base\Module.php(528): yii\base\Controller->runAction('create', Array)
#6 C:\xampp\htdocs\blog\blog\_protected\vendor\yiisoft\yii2\web\Application.php(103): yii\base\Module->runAction('posts/create', Array)
#7 C:\xampp\htdocs\blog\blog\_protected\vendor\yiisoft\yii2\base\Application.php(386): yii\web\Application->handleRequest(Object(yii\web\Request))
#8 C:\xampp\htdocs\blog\blog\index.php(12): yii\base\Application->run()
#9 {main}
2018-11-10 02:39:28 [::1][1][7br40kaa2q69psc1evkacu71kl][info][application] $_GET = []

$_POST = [
    '_csrf' => 'sFT3aTgFRmBx3Wk49zY50sNVh1hQ1A4E-KZgkhK-YSXSMpZaYXMxExqQPFa8Z1iipT7uHSaafDSUllTkf4lVUw=='
    'Posts' => [
        'date_time' => '2018-11-10 02:37:33'
        'title' => 'just my first blog'
        'image' => ''
        'post' => '<p>this is my first blog.</p>

<p>&lt;code&gt;&lt;h1&gt;Yes dude&lt;/h1&gt;&lt;/code&gt;</p>
'
        'status' => 'active'
        'user_id' => '1'
    ]
]

$_FILES = [
    'Posts' => [
        'name' => [
            'image' => 'salary.jpg'
        ]
        'type' => [
            'image' => 'image/jpeg'
        ]
        'tmp_name' => [
            'image' => 'C:\\xampp\\tmp\\phpFE44.tmp'
        ]
        'error' => [
            'image' => 0
        ]
        'size' => [
            'image' => 35962
        ]
    ]
]

$_COOKIE = [
    'csrftoken' => 'AHDWCVMb3EoO45hn3PyhlX8kM8wmVV7sJD6M5KhRY5GntAMlSrQfT1TofoT5i2kX'
    'u' => '7a3e25d2dcbd61715f21255b3098795bf6419226'
    'PHPSESSID' => '7br40kaa2q69psc1evkacu71kl'
    '_identity' => '43d06a9a927c80fd84889f45ab16c8e7eed92889d6d9e98d5f258f2cc392f52aa:2:{i:0;s:9:\"_identity\";i:1;s:46:\"[1,\"_VTfmWQtEEzYgRKz-lMaN8ErxT7wYc8b\",2592000]\";}'
    '_csrf' => 'f30f7a58cac05138a8742645b5a754962bf43dbd279843cc85ec32f12b693ebfa:2:{i:0;s:5:\"_csrf\";i:1;s:32:\"bfa3YvwskMUnKQapfkiEvNr0l04vm74v\";}'
]

$_SESSION = [
    '__flash' => []
    '__captcha/site/captcha' => 'sujekzw'
    '__captcha/site/captchacount' => 1
    '__id' => 1
]

$_SERVER = [
    'REDIRECT_MIBDIRS' => 'C:/xampp/php/extras/mibs'
    'REDIRECT_MYSQL_HOME' => '\\xampp\\mysql\\bin'
    'REDIRECT_OPENSSL_CONF' => 'C:/xampp/apache/bin/openssl.cnf'
    'REDIRECT_PHP_PEAR_SYSCONF_DIR' => '\\xampp\\php'
    'REDIRECT_PHPRC' => '\\xampp\\php'
    'REDIRECT_TMP' => '\\xampp\\tmp'
    'REDIRECT_STATUS' => '200'
    'MIBDIRS' => 'C:/xampp/php/extras/mibs'
    'MYSQL_HOME' => '\\xampp\\mysql\\bin'
    'OPENSSL_CONF' => 'C:/xampp/apache/bin/openssl.cnf'
    'PHP_PEAR_SYSCONF_DIR' => '\\xampp\\php'
    'PHPRC' => '\\xampp\\php'
    'TMP' => '\\xampp\\tmp'
    'HTTP_HOST' => 'localhost'
    'HTTP_CONNECTION' => 'keep-alive'
    'CONTENT_LENGTH' => '37074'
    'HTTP_CACHE_CONTROL' => 'max-age=0'
    'HTTP_ORIGIN' => 'http://localhost'
    'HTTP_UPGRADE_INSECURE_REQUESTS' => '1'
    'CONTENT_TYPE' => 'multipart/form-data; boundary=----WebKitFormBoundaryHSabPY3CfZEQ8Yhe'
    'HTTP_USER_AGENT' => 'Mozilla/5.0 (Windows NT 10.0; Win64; x64) AppleWebKit/537.36 (KHTML, like Gecko) Chrome/70.0.3538.77 Safari/537.36'
    'HTTP_ACCEPT' => 'text/html,application/xhtml+xml,application/xml;q=0.9,image/webp,image/apng,*/*;q=0.8'
    'HTTP_REFERER' => 'http://localhost/blog/blog/posts/create'
    'HTTP_ACCEPT_ENCODING' => 'gzip, deflate, br'
    'HTTP_ACCEPT_LANGUAGE' => 'en-US,en;q=0.9'
    'HTTP_COOKIE' => 'csrftoken=AHDWCVMb3EoO45hn3PyhlX8kM8wmVV7sJD6M5KhRY5GntAMlSrQfT1TofoT5i2kX; u=7a3e25d2dcbd61715f21255b3098795bf6419226; PHPSESSID=7br40kaa2q69psc1evkacu71kl; _identity=43d06a9a927c80fd84889f45ab16c8e7eed92889d6d9e98d5f258f2cc392f52aa%3A2%3A%7Bi%3A0%3Bs%3A9%3A%22_identity%22%3Bi%3A1%3Bs%3A46%3A%22%5B1%2C%22_VTfmWQtEEzYgRKz-lMaN8ErxT7wYc8b%22%2C2592000%5D%22%3B%7D; _csrf=f30f7a58cac05138a8742645b5a754962bf43dbd279843cc85ec32f12b693ebfa%3A2%3A%7Bi%3A0%3Bs%3A5%3A%22_csrf%22%3Bi%3A1%3Bs%3A32%3A%22bfa3YvwskMUnKQapfkiEvNr0l04vm74v%22%3B%7D'
    'PATH' => 'C:\\Program Files (x86)\\Common Files\\Oracle\\Java\\javapath;C:\\ProgramData\\Oracle\\Java\\javapath;C:\\WINDOWS\\system32;C:\\WINDOWS;C:\\WINDOWS\\System32\\Wbem;C:\\WINDOWS\\System32\\WindowsPowerShell\\v1.0\\;C:\\Program Files\\PuTTY\\;C:\\xampp\\php;C:\\Program Files\\Git\\cmd;C:\\ProgramData\\ComposerSetup\\bin;C:\\WINDOWS\\System32\\OpenSSH\\;C:\\Program Files\\Microsoft VS Code\\bin;%AppData%\\npm;C:\\ProgramData\\chocolatey\\bin;C:\\Program Files\\Java\\jdk1.8.0_181\\bin;C:\\Program Files\\nodejs\\;C:\\Users\\Chandu\\AppData\\Local\\Programs\\Python\\Python36\\Scripts\\;C:\\Users\\Chandu\\AppData\\Local\\Programs\\Python\\Python36\\;C:\\Users\\Chandu\\AppData\\Roaming\\npm;C:\\Users\\Chandu\\AppData\\Local\\Programs\\Microsoft VS Code\\bin;C:\\Users\\Chandu\\AppData\\Local\\Android\\Sdk\\platform-tools;C:\\Users\\Chandu\\AppData\\Roaming\\npm'
    'SystemRoot' => 'C:\\WINDOWS'
    'COMSPEC' => 'C:\\WINDOWS\\system32\\cmd.exe'
    'PATHEXT' => '.COM;.EXE;.BAT;.CMD;.VBS;.VBE;.JS;.JSE;.WSF;.WSH;.MSC'
    'WINDIR' => 'C:\\WINDOWS'
    'SERVER_SIGNATURE' => '<address>Apache/2.4.26 (Win32) OpenSSL/1.0.2l PHP/7.1.7 Server at localhost Port 80</address>
'
    'SERVER_SOFTWARE' => 'Apache/2.4.26 (Win32) OpenSSL/1.0.2l PHP/7.1.7'
    'SERVER_NAME' => 'localhost'
    'SERVER_ADDR' => '::1'
    'SERVER_PORT' => '80'
    'REMOTE_ADDR' => '::1'
    'DOCUMENT_ROOT' => 'C:/xampp/htdocs'
    'REQUEST_SCHEME' => 'http'
    'CONTEXT_PREFIX' => ''
    'CONTEXT_DOCUMENT_ROOT' => 'C:/xampp/htdocs'
    'SERVER_ADMIN' => 'postmaster@localhost'
    'SCRIPT_FILENAME' => 'C:/xampp/htdocs/blog/blog/index.php'
    'REMOTE_PORT' => '51131'
    'REDIRECT_URL' => '/blog/blog/posts/create'
    'GATEWAY_INTERFACE' => 'CGI/1.1'
    'SERVER_PROTOCOL' => 'HTTP/1.1'
    'REQUEST_METHOD' => 'POST'
    'QUERY_STRING' => ''
    'REQUEST_URI' => '/blog/blog/posts/create'
    'SCRIPT_NAME' => '/blog/blog/index.php'
    'PHP_SELF' => '/blog/blog/index.php'
    'REQUEST_TIME_FLOAT' => 1541813967.973
    'REQUEST_TIME' => 1541813967
]
2018-11-10 02:40:51 [::1][1][7br40kaa2q69psc1evkacu71kl][error][yii\base\UnknownPropertyException] yii\base\UnknownPropertyException: Getting unknown property: app\models\Posts::file in C:\xampp\htdocs\blog\blog\_protected\vendor\yiisoft\yii2\base\Component.php:154
Stack trace:
#0 C:\xampp\htdocs\blog\blog\_protected\vendor\yiisoft\yii2\db\BaseActiveRecord.php(296): yii\base\Component->__get('file')
#1 C:\xampp\htdocs\blog\blog\_protected\controllers\PostsController.php(76): yii\db\BaseActiveRecord->__get('file')
#2 [internal function]: app\controllers\PostsController->actionCreate()
#3 C:\xampp\htdocs\blog\blog\_protected\vendor\yiisoft\yii2\base\InlineAction.php(57): call_user_func_array(Array, Array)
#4 C:\xampp\htdocs\blog\blog\_protected\vendor\yiisoft\yii2\base\Controller.php(157): yii\base\InlineAction->runWithParams(Array)
#5 C:\xampp\htdocs\blog\blog\_protected\vendor\yiisoft\yii2\base\Module.php(528): yii\base\Controller->runAction('create', Array)
#6 C:\xampp\htdocs\blog\blog\_protected\vendor\yiisoft\yii2\web\Application.php(103): yii\base\Module->runAction('posts/create', Array)
#7 C:\xampp\htdocs\blog\blog\_protected\vendor\yiisoft\yii2\base\Application.php(386): yii\web\Application->handleRequest(Object(yii\web\Request))
#8 C:\xampp\htdocs\blog\blog\index.php(12): yii\base\Application->run()
#9 {main}
2018-11-10 02:40:51 [::1][1][7br40kaa2q69psc1evkacu71kl][info][application] $_GET = []

$_POST = [
    '_csrf' => 'sFT3aTgFRmBx3Wk49zY50sNVh1hQ1A4E-KZgkhK-YSXSMpZaYXMxExqQPFa8Z1iipT7uHSaafDSUllTkf4lVUw=='
    'Posts' => [
        'date_time' => '2018-11-10 02:37:33'
        'title' => 'just my first blog'
        'image' => ''
        'post' => '<p>this is my first blog.</p>

<p>&lt;code&gt;&lt;h1&gt;Yes dude&lt;/h1&gt;&lt;/code&gt;</p>
'
        'status' => 'active'
        'user_id' => '1'
    ]
]

$_FILES = [
    'Posts' => [
        'name' => [
            'image' => 'salary.jpg'
        ]
        'type' => [
            'image' => 'image/jpeg'
        ]
        'tmp_name' => [
            'image' => 'C:\\xampp\\tmp\\php42EA.tmp'
        ]
        'error' => [
            'image' => 0
        ]
        'size' => [
            'image' => 35962
        ]
    ]
]

$_COOKIE = [
    'csrftoken' => 'AHDWCVMb3EoO45hn3PyhlX8kM8wmVV7sJD6M5KhRY5GntAMlSrQfT1TofoT5i2kX'
    'u' => '7a3e25d2dcbd61715f21255b3098795bf6419226'
    'PHPSESSID' => '7br40kaa2q69psc1evkacu71kl'
    '_identity' => '43d06a9a927c80fd84889f45ab16c8e7eed92889d6d9e98d5f258f2cc392f52aa:2:{i:0;s:9:\"_identity\";i:1;s:46:\"[1,\"_VTfmWQtEEzYgRKz-lMaN8ErxT7wYc8b\",2592000]\";}'
    '_csrf' => 'f30f7a58cac05138a8742645b5a754962bf43dbd279843cc85ec32f12b693ebfa:2:{i:0;s:5:\"_csrf\";i:1;s:32:\"bfa3YvwskMUnKQapfkiEvNr0l04vm74v\";}'
]

$_SESSION = [
    '__flash' => []
    '__captcha/site/captcha' => 'sujekzw'
    '__captcha/site/captchacount' => 1
    '__id' => 1
]

$_SERVER = [
    'REDIRECT_MIBDIRS' => 'C:/xampp/php/extras/mibs'
    'REDIRECT_MYSQL_HOME' => '\\xampp\\mysql\\bin'
    'REDIRECT_OPENSSL_CONF' => 'C:/xampp/apache/bin/openssl.cnf'
    'REDIRECT_PHP_PEAR_SYSCONF_DIR' => '\\xampp\\php'
    'REDIRECT_PHPRC' => '\\xampp\\php'
    'REDIRECT_TMP' => '\\xampp\\tmp'
    'REDIRECT_STATUS' => '200'
    'MIBDIRS' => 'C:/xampp/php/extras/mibs'
    'MYSQL_HOME' => '\\xampp\\mysql\\bin'
    'OPENSSL_CONF' => 'C:/xampp/apache/bin/openssl.cnf'
    'PHP_PEAR_SYSCONF_DIR' => '\\xampp\\php'
    'PHPRC' => '\\xampp\\php'
    'TMP' => '\\xampp\\tmp'
    'HTTP_HOST' => 'localhost'
    'HTTP_CONNECTION' => 'keep-alive'
    'CONTENT_LENGTH' => '37074'
    'HTTP_CACHE_CONTROL' => 'max-age=0'
    'HTTP_UPGRADE_INSECURE_REQUESTS' => '1'
    'HTTP_USER_AGENT' => 'Mozilla/5.0 (Windows NT 10.0; Win64; x64) AppleWebKit/537.36 (KHTML, like Gecko) Chrome/70.0.3538.77 Safari/537.36'
    'HTTP_ORIGIN' => 'http://localhost'
    'CONTENT_TYPE' => 'multipart/form-data; boundary=----WebKitFormBoundaryHSabPY3CfZEQ8Yhe'
    'HTTP_ACCEPT' => 'text/html,application/xhtml+xml,application/xml;q=0.9,image/webp,image/apng,*/*;q=0.8'
    'HTTP_REFERER' => 'http://localhost/blog/blog/posts/create'
    'HTTP_ACCEPT_ENCODING' => 'gzip, deflate, br'
    'HTTP_ACCEPT_LANGUAGE' => 'en-US,en;q=0.9'
    'HTTP_COOKIE' => 'csrftoken=AHDWCVMb3EoO45hn3PyhlX8kM8wmVV7sJD6M5KhRY5GntAMlSrQfT1TofoT5i2kX; u=7a3e25d2dcbd61715f21255b3098795bf6419226; PHPSESSID=7br40kaa2q69psc1evkacu71kl; _identity=43d06a9a927c80fd84889f45ab16c8e7eed92889d6d9e98d5f258f2cc392f52aa%3A2%3A%7Bi%3A0%3Bs%3A9%3A%22_identity%22%3Bi%3A1%3Bs%3A46%3A%22%5B1%2C%22_VTfmWQtEEzYgRKz-lMaN8ErxT7wYc8b%22%2C2592000%5D%22%3B%7D; _csrf=f30f7a58cac05138a8742645b5a754962bf43dbd279843cc85ec32f12b693ebfa%3A2%3A%7Bi%3A0%3Bs%3A5%3A%22_csrf%22%3Bi%3A1%3Bs%3A32%3A%22bfa3YvwskMUnKQapfkiEvNr0l04vm74v%22%3B%7D'
    'PATH' => 'C:\\Program Files (x86)\\Common Files\\Oracle\\Java\\javapath;C:\\ProgramData\\Oracle\\Java\\javapath;C:\\WINDOWS\\system32;C:\\WINDOWS;C:\\WINDOWS\\System32\\Wbem;C:\\WINDOWS\\System32\\WindowsPowerShell\\v1.0\\;C:\\Program Files\\PuTTY\\;C:\\xampp\\php;C:\\Program Files\\Git\\cmd;C:\\ProgramData\\ComposerSetup\\bin;C:\\WINDOWS\\System32\\OpenSSH\\;C:\\Program Files\\Microsoft VS Code\\bin;%AppData%\\npm;C:\\ProgramData\\chocolatey\\bin;C:\\Program Files\\Java\\jdk1.8.0_181\\bin;C:\\Program Files\\nodejs\\;C:\\Users\\Chandu\\AppData\\Local\\Programs\\Python\\Python36\\Scripts\\;C:\\Users\\Chandu\\AppData\\Local\\Programs\\Python\\Python36\\;C:\\Users\\Chandu\\AppData\\Roaming\\npm;C:\\Users\\Chandu\\AppData\\Local\\Programs\\Microsoft VS Code\\bin;C:\\Users\\Chandu\\AppData\\Local\\Android\\Sdk\\platform-tools;C:\\Users\\Chandu\\AppData\\Roaming\\npm'
    'SystemRoot' => 'C:\\WINDOWS'
    'COMSPEC' => 'C:\\WINDOWS\\system32\\cmd.exe'
    'PATHEXT' => '.COM;.EXE;.BAT;.CMD;.VBS;.VBE;.JS;.JSE;.WSF;.WSH;.MSC'
    'WINDIR' => 'C:\\WINDOWS'
    'SERVER_SIGNATURE' => '<address>Apache/2.4.26 (Win32) OpenSSL/1.0.2l PHP/7.1.7 Server at localhost Port 80</address>
'
    'SERVER_SOFTWARE' => 'Apache/2.4.26 (Win32) OpenSSL/1.0.2l PHP/7.1.7'
    'SERVER_NAME' => 'localhost'
    'SERVER_ADDR' => '::1'
    'SERVER_PORT' => '80'
    'REMOTE_ADDR' => '::1'
    'DOCUMENT_ROOT' => 'C:/xampp/htdocs'
    'REQUEST_SCHEME' => 'http'
    'CONTEXT_PREFIX' => ''
    'CONTEXT_DOCUMENT_ROOT' => 'C:/xampp/htdocs'
    'SERVER_ADMIN' => 'postmaster@localhost'
    'SCRIPT_FILENAME' => 'C:/xampp/htdocs/blog/blog/index.php'
    'REMOTE_PORT' => '51160'
    'REDIRECT_URL' => '/blog/blog/posts/create'
    'GATEWAY_INTERFACE' => 'CGI/1.1'
    'SERVER_PROTOCOL' => 'HTTP/1.1'
    'REQUEST_METHOD' => 'POST'
    'QUERY_STRING' => ''
    'REQUEST_URI' => '/blog/blog/posts/create'
    'SCRIPT_NAME' => '/blog/blog/index.php'
    'PHP_SELF' => '/blog/blog/index.php'
    'REQUEST_TIME_FLOAT' => 1541814051.108
    'REQUEST_TIME' => 1541814051
]
2018-11-10 02:55:30 [::1][1][7br40kaa2q69psc1evkacu71kl][error][yii\web\HttpException:404] yii\base\InvalidRouteException: Unable to resolve the request "blog/blog/posts/view". in C:\xampp\htdocs\blog\blog\_protected\vendor\yiisoft\yii2\base\Module.php:537
Stack trace:
#0 C:\xampp\htdocs\blog\blog\_protected\vendor\yiisoft\yii2\web\Application.php(103): yii\base\Module->runAction('blog/blog/posts...', Array)
#1 C:\xampp\htdocs\blog\blog\_protected\vendor\yiisoft\yii2\base\Application.php(386): yii\web\Application->handleRequest(Object(yii\web\Request))
#2 C:\xampp\htdocs\blog\blog\index.php(12): yii\base\Application->run()
#3 {main}

Next yii\web\NotFoundHttpException: Page not found. in C:\xampp\htdocs\blog\blog\_protected\vendor\yiisoft\yii2\web\Application.php:115
Stack trace:
#0 C:\xampp\htdocs\blog\blog\_protected\vendor\yiisoft\yii2\base\Application.php(386): yii\web\Application->handleRequest(Object(yii\web\Request))
#1 C:\xampp\htdocs\blog\blog\index.php(12): yii\base\Application->run()
#2 {main}
2018-11-10 02:55:30 [::1][1][7br40kaa2q69psc1evkacu71kl][info][application] $_GET = [
    'id' => '1'
]

$_POST = []

$_FILES = []

$_COOKIE = [
    'csrftoken' => 'AHDWCVMb3EoO45hn3PyhlX8kM8wmVV7sJD6M5KhRY5GntAMlSrQfT1TofoT5i2kX'
    'u' => '7a3e25d2dcbd61715f21255b3098795bf6419226'
    'PHPSESSID' => '7br40kaa2q69psc1evkacu71kl'
    '_identity' => '43d06a9a927c80fd84889f45ab16c8e7eed92889d6d9e98d5f258f2cc392f52aa:2:{i:0;s:9:\"_identity\";i:1;s:46:\"[1,\"_VTfmWQtEEzYgRKz-lMaN8ErxT7wYc8b\",2592000]\";}'
    '_csrf' => 'f30f7a58cac05138a8742645b5a754962bf43dbd279843cc85ec32f12b693ebfa:2:{i:0;s:5:\"_csrf\";i:1;s:32:\"bfa3YvwskMUnKQapfkiEvNr0l04vm74v\";}'
]

$_SESSION = [
    '__flash' => []
    '__captcha/site/captcha' => 'sujekzw'
    '__captcha/site/captchacount' => 1
    '__id' => 1
]

$_SERVER = [
    'REDIRECT_MIBDIRS' => 'C:/xampp/php/extras/mibs'
    'REDIRECT_MYSQL_HOME' => '\\xampp\\mysql\\bin'
    'REDIRECT_OPENSSL_CONF' => 'C:/xampp/apache/bin/openssl.cnf'
    'REDIRECT_PHP_PEAR_SYSCONF_DIR' => '\\xampp\\php'
    'REDIRECT_PHPRC' => '\\xampp\\php'
    'REDIRECT_TMP' => '\\xampp\\tmp'
    'REDIRECT_STATUS' => '200'
    'MIBDIRS' => 'C:/xampp/php/extras/mibs'
    'MYSQL_HOME' => '\\xampp\\mysql\\bin'
    'OPENSSL_CONF' => 'C:/xampp/apache/bin/openssl.cnf'
    'PHP_PEAR_SYSCONF_DIR' => '\\xampp\\php'
    'PHPRC' => '\\xampp\\php'
    'TMP' => '\\xampp\\tmp'
    'HTTP_HOST' => 'localhost'
    'HTTP_CONNECTION' => 'keep-alive'
    'HTTP_UPGRADE_INSECURE_REQUESTS' => '1'
    'HTTP_USER_AGENT' => 'Mozilla/5.0 (Windows NT 10.0; Win64; x64) AppleWebKit/537.36 (KHTML, like Gecko) Chrome/70.0.3538.77 Safari/537.36'
    'HTTP_ACCEPT' => 'text/html,application/xhtml+xml,application/xml;q=0.9,image/webp,image/apng,*/*;q=0.8'
    'HTTP_REFERER' => 'http://localhost/blog/blog/'
    'HTTP_ACCEPT_ENCODING' => 'gzip, deflate, br'
    'HTTP_ACCEPT_LANGUAGE' => 'en-US,en;q=0.9'
    'HTTP_COOKIE' => 'csrftoken=AHDWCVMb3EoO45hn3PyhlX8kM8wmVV7sJD6M5KhRY5GntAMlSrQfT1TofoT5i2kX; u=7a3e25d2dcbd61715f21255b3098795bf6419226; PHPSESSID=7br40kaa2q69psc1evkacu71kl; _identity=43d06a9a927c80fd84889f45ab16c8e7eed92889d6d9e98d5f258f2cc392f52aa%3A2%3A%7Bi%3A0%3Bs%3A9%3A%22_identity%22%3Bi%3A1%3Bs%3A46%3A%22%5B1%2C%22_VTfmWQtEEzYgRKz-lMaN8ErxT7wYc8b%22%2C2592000%5D%22%3B%7D; _csrf=f30f7a58cac05138a8742645b5a754962bf43dbd279843cc85ec32f12b693ebfa%3A2%3A%7Bi%3A0%3Bs%3A5%3A%22_csrf%22%3Bi%3A1%3Bs%3A32%3A%22bfa3YvwskMUnKQapfkiEvNr0l04vm74v%22%3B%7D'
    'PATH' => 'C:\\Program Files (x86)\\Common Files\\Oracle\\Java\\javapath;C:\\ProgramData\\Oracle\\Java\\javapath;C:\\WINDOWS\\system32;C:\\WINDOWS;C:\\WINDOWS\\System32\\Wbem;C:\\WINDOWS\\System32\\WindowsPowerShell\\v1.0\\;C:\\Program Files\\PuTTY\\;C:\\xampp\\php;C:\\Program Files\\Git\\cmd;C:\\ProgramData\\ComposerSetup\\bin;C:\\WINDOWS\\System32\\OpenSSH\\;C:\\Program Files\\Microsoft VS Code\\bin;%AppData%\\npm;C:\\ProgramData\\chocolatey\\bin;C:\\Program Files\\Java\\jdk1.8.0_181\\bin;C:\\Program Files\\nodejs\\;C:\\Users\\Chandu\\AppData\\Local\\Programs\\Python\\Python36\\Scripts\\;C:\\Users\\Chandu\\AppData\\Local\\Programs\\Python\\Python36\\;C:\\Users\\Chandu\\AppData\\Roaming\\npm;C:\\Users\\Chandu\\AppData\\Local\\Programs\\Microsoft VS Code\\bin;C:\\Users\\Chandu\\AppData\\Local\\Android\\Sdk\\platform-tools;C:\\Users\\Chandu\\AppData\\Roaming\\npm'
    'SystemRoot' => 'C:\\WINDOWS'
    'COMSPEC' => 'C:\\WINDOWS\\system32\\cmd.exe'
    'PATHEXT' => '.COM;.EXE;.BAT;.CMD;.VBS;.VBE;.JS;.JSE;.WSF;.WSH;.MSC'
    'WINDIR' => 'C:\\WINDOWS'
    'SERVER_SIGNATURE' => '<address>Apache/2.4.26 (Win32) OpenSSL/1.0.2l PHP/7.1.7 Server at localhost Port 80</address>
'
    'SERVER_SOFTWARE' => 'Apache/2.4.26 (Win32) OpenSSL/1.0.2l PHP/7.1.7'
    'SERVER_NAME' => 'localhost'
    'SERVER_ADDR' => '::1'
    'SERVER_PORT' => '80'
    'REMOTE_ADDR' => '::1'
    'DOCUMENT_ROOT' => 'C:/xampp/htdocs'
    'REQUEST_SCHEME' => 'http'
    'CONTEXT_PREFIX' => ''
    'CONTEXT_DOCUMENT_ROOT' => 'C:/xampp/htdocs'
    'SERVER_ADMIN' => 'postmaster@localhost'
    'SCRIPT_FILENAME' => 'C:/xampp/htdocs/blog/blog/index.php'
    'REMOTE_PORT' => '51730'
    'REDIRECT_URL' => '/blog/blog/blog/blog/posts/view'
    'REDIRECT_QUERY_STRING' => 'id=1'
    'GATEWAY_INTERFACE' => 'CGI/1.1'
    'SERVER_PROTOCOL' => 'HTTP/1.1'
    'REQUEST_METHOD' => 'GET'
    'QUERY_STRING' => 'id=1'
    'REQUEST_URI' => '/blog/blog/blog/blog/posts/view?id=1'
    'SCRIPT_NAME' => '/blog/blog/index.php'
    'PHP_SELF' => '/blog/blog/index.php'
    'REQUEST_TIME_FLOAT' => 1541814930.103
    'REQUEST_TIME' => 1541814930
]
2018-11-10 03:03:05 [::1][1][7br40kaa2q69psc1evkacu71kl][error][yii\web\HttpException:404] yii\base\InvalidRouteException: Unable to resolve the request "posts/uploads/salary.jpg". in C:\xampp\htdocs\blog\blog\_protected\vendor\yiisoft\yii2\base\Module.php:537
Stack trace:
#0 C:\xampp\htdocs\blog\blog\_protected\vendor\yiisoft\yii2\web\Application.php(103): yii\base\Module->runAction('posts/uploads/s...', Array)
#1 C:\xampp\htdocs\blog\blog\_protected\vendor\yiisoft\yii2\base\Application.php(386): yii\web\Application->handleRequest(Object(yii\web\Request))
#2 C:\xampp\htdocs\blog\blog\index.php(12): yii\base\Application->run()
#3 {main}

Next yii\web\NotFoundHttpException: Page not found. in C:\xampp\htdocs\blog\blog\_protected\vendor\yiisoft\yii2\web\Application.php:115
Stack trace:
#0 C:\xampp\htdocs\blog\blog\_protected\vendor\yiisoft\yii2\base\Application.php(386): yii\web\Application->handleRequest(Object(yii\web\Request))
#1 C:\xampp\htdocs\blog\blog\index.php(12): yii\base\Application->run()
#2 {main}
2018-11-10 03:03:05 [::1][1][7br40kaa2q69psc1evkacu71kl][info][application] $_GET = []

$_POST = []

$_FILES = []

$_COOKIE = [
    'csrftoken' => 'AHDWCVMb3EoO45hn3PyhlX8kM8wmVV7sJD6M5KhRY5GntAMlSrQfT1TofoT5i2kX'
    'u' => '7a3e25d2dcbd61715f21255b3098795bf6419226'
    'PHPSESSID' => '7br40kaa2q69psc1evkacu71kl'
    '_identity' => '43d06a9a927c80fd84889f45ab16c8e7eed92889d6d9e98d5f258f2cc392f52aa:2:{i:0;s:9:\"_identity\";i:1;s:46:\"[1,\"_VTfmWQtEEzYgRKz-lMaN8ErxT7wYc8b\",2592000]\";}'
    '_csrf' => 'f30f7a58cac05138a8742645b5a754962bf43dbd279843cc85ec32f12b693ebfa:2:{i:0;s:5:\"_csrf\";i:1;s:32:\"bfa3YvwskMUnKQapfkiEvNr0l04vm74v\";}'
]

$_SESSION = [
    '__flash' => []
    '__captcha/site/captcha' => 'sujekzw'
    '__captcha/site/captchacount' => 1
    '__id' => 1
]

$_SERVER = [
    'REDIRECT_MIBDIRS' => 'C:/xampp/php/extras/mibs'
    'REDIRECT_MYSQL_HOME' => '\\xampp\\mysql\\bin'
    'REDIRECT_OPENSSL_CONF' => 'C:/xampp/apache/bin/openssl.cnf'
    'REDIRECT_PHP_PEAR_SYSCONF_DIR' => '\\xampp\\php'
    'REDIRECT_PHPRC' => '\\xampp\\php'
    'REDIRECT_TMP' => '\\xampp\\tmp'
    'REDIRECT_STATUS' => '200'
    'MIBDIRS' => 'C:/xampp/php/extras/mibs'
    'MYSQL_HOME' => '\\xampp\\mysql\\bin'
    'OPENSSL_CONF' => 'C:/xampp/apache/bin/openssl.cnf'
    'PHP_PEAR_SYSCONF_DIR' => '\\xampp\\php'
    'PHPRC' => '\\xampp\\php'
    'TMP' => '\\xampp\\tmp'
    'HTTP_HOST' => 'localhost'
    'HTTP_CONNECTION' => 'keep-alive'
    'HTTP_PRAGMA' => 'no-cache'
    'HTTP_CACHE_CONTROL' => 'no-cache'
    'HTTP_USER_AGENT' => 'Mozilla/5.0 (Windows NT 10.0; Win64; x64) AppleWebKit/537.36 (KHTML, like Gecko) Chrome/70.0.3538.77 Safari/537.36'
    'HTTP_ACCEPT' => 'image/webp,image/apng,image/*,*/*;q=0.8'
    'HTTP_REFERER' => 'http://localhost/blog/blog/posts/view?id=1'
    'HTTP_ACCEPT_ENCODING' => 'gzip, deflate, br'
    'HTTP_ACCEPT_LANGUAGE' => 'en-US,en;q=0.9'
    'HTTP_COOKIE' => 'csrftoken=AHDWCVMb3EoO45hn3PyhlX8kM8wmVV7sJD6M5KhRY5GntAMlSrQfT1TofoT5i2kX; u=7a3e25d2dcbd61715f21255b3098795bf6419226; PHPSESSID=7br40kaa2q69psc1evkacu71kl; _identity=43d06a9a927c80fd84889f45ab16c8e7eed92889d6d9e98d5f258f2cc392f52aa%3A2%3A%7Bi%3A0%3Bs%3A9%3A%22_identity%22%3Bi%3A1%3Bs%3A46%3A%22%5B1%2C%22_VTfmWQtEEzYgRKz-lMaN8ErxT7wYc8b%22%2C2592000%5D%22%3B%7D; _csrf=f30f7a58cac05138a8742645b5a754962bf43dbd279843cc85ec32f12b693ebfa%3A2%3A%7Bi%3A0%3Bs%3A5%3A%22_csrf%22%3Bi%3A1%3Bs%3A32%3A%22bfa3YvwskMUnKQapfkiEvNr0l04vm74v%22%3B%7D'
    'PATH' => 'C:\\Program Files (x86)\\Common Files\\Oracle\\Java\\javapath;C:\\ProgramData\\Oracle\\Java\\javapath;C:\\WINDOWS\\system32;C:\\WINDOWS;C:\\WINDOWS\\System32\\Wbem;C:\\WINDOWS\\System32\\WindowsPowerShell\\v1.0\\;C:\\Program Files\\PuTTY\\;C:\\xampp\\php;C:\\Program Files\\Git\\cmd;C:\\ProgramData\\ComposerSetup\\bin;C:\\WINDOWS\\System32\\OpenSSH\\;C:\\Program Files\\Microsoft VS Code\\bin;%AppData%\\npm;C:\\ProgramData\\chocolatey\\bin;C:\\Program Files\\Java\\jdk1.8.0_181\\bin;C:\\Program Files\\nodejs\\;C:\\Users\\Chandu\\AppData\\Local\\Programs\\Python\\Python36\\Scripts\\;C:\\Users\\Chandu\\AppData\\Local\\Programs\\Python\\Python36\\;C:\\Users\\Chandu\\AppData\\Roaming\\npm;C:\\Users\\Chandu\\AppData\\Local\\Programs\\Microsoft VS Code\\bin;C:\\Users\\Chandu\\AppData\\Local\\Android\\Sdk\\platform-tools;C:\\Users\\Chandu\\AppData\\Roaming\\npm'
    'SystemRoot' => 'C:\\WINDOWS'
    'COMSPEC' => 'C:\\WINDOWS\\system32\\cmd.exe'
    'PATHEXT' => '.COM;.EXE;.BAT;.CMD;.VBS;.VBE;.JS;.JSE;.WSF;.WSH;.MSC'
    'WINDIR' => 'C:\\WINDOWS'
    'SERVER_SIGNATURE' => '<address>Apache/2.4.26 (Win32) OpenSSL/1.0.2l PHP/7.1.7 Server at localhost Port 80</address>
'
    'SERVER_SOFTWARE' => 'Apache/2.4.26 (Win32) OpenSSL/1.0.2l PHP/7.1.7'
    'SERVER_NAME' => 'localhost'
    'SERVER_ADDR' => '::1'
    'SERVER_PORT' => '80'
    'REMOTE_ADDR' => '::1'
    'DOCUMENT_ROOT' => 'C:/xampp/htdocs'
    'REQUEST_SCHEME' => 'http'
    'CONTEXT_PREFIX' => ''
    'CONTEXT_DOCUMENT_ROOT' => 'C:/xampp/htdocs'
    'SERVER_ADMIN' => 'postmaster@localhost'
    'SCRIPT_FILENAME' => 'C:/xampp/htdocs/blog/blog/index.php'
    'REMOTE_PORT' => '52236'
    'REDIRECT_URL' => '/blog/blog/posts/uploads/salary.jpg'
    'GATEWAY_INTERFACE' => 'CGI/1.1'
    'SERVER_PROTOCOL' => 'HTTP/1.1'
    'REQUEST_METHOD' => 'GET'
    'QUERY_STRING' => ''
    'REQUEST_URI' => '/blog/blog/posts/uploads/salary.jpg'
    'SCRIPT_NAME' => '/blog/blog/index.php'
    'PHP_SELF' => '/blog/blog/index.php'
    'REQUEST_TIME_FLOAT' => 1541815385.209
    'REQUEST_TIME' => 1541815385
]
2018-11-10 13:19:07 [::1][-][7br40kaa2q69psc1evkacu71kl][error][yii\db\Exception] PDOException: SQLSTATE[HY000] [2002] No connection could be made because the target machine actively refused it.
 in C:\xampp\htdocs\blog\blog\_protected\vendor\yiisoft\yii2\db\Connection.php:687
Stack trace:
#0 C:\xampp\htdocs\blog\blog\_protected\vendor\yiisoft\yii2\db\Connection.php(687): PDO->__construct('mysql:host=loca...', 'root', '', NULL)
#1 C:\xampp\htdocs\blog\blog\_protected\vendor\yiisoft\yii2\db\Connection.php(613): yii\db\Connection->createPdoInstance()
#2 C:\xampp\htdocs\blog\blog\_protected\vendor\yiisoft\yii2\db\Connection.php(996): yii\db\Connection->open()
#3 C:\xampp\htdocs\blog\blog\_protected\vendor\yiisoft\yii2\db\Connection.php(983): yii\db\Connection->getMasterPdo()
#4 C:\xampp\htdocs\blog\blog\_protected\vendor\yiisoft\yii2\db\Command.php(253): yii\db\Connection->getSlavePdo()
#5 C:\xampp\htdocs\blog\blog\_protected\vendor\yiisoft\yii2\db\Command.php(1143): yii\db\Command->prepare(true)
#6 C:\xampp\htdocs\blog\blog\_protected\vendor\yiisoft\yii2\db\Command.php(399): yii\db\Command->queryInternal('fetchAll', NULL)
#7 C:\xampp\htdocs\blog\blog\_protected\vendor\yiisoft\yii2\db\mysql\Schema.php(312): yii\db\Command->queryAll()
#8 C:\xampp\htdocs\blog\blog\_protected\vendor\yiisoft\yii2\db\mysql\Schema.php(125): yii\db\mysql\Schema->findColumns(Object(yii\db\TableSchema))
#9 C:\xampp\htdocs\blog\blog\_protected\vendor\yiisoft\yii2\db\Schema.php(744): yii\db\mysql\Schema->loadTableSchema('user')
#10 C:\xampp\htdocs\blog\blog\_protected\vendor\yiisoft\yii2\db\Schema.php(194): yii\db\Schema->getTableMetadata('{{%user}}', 'schema', false)
#11 C:\xampp\htdocs\blog\blog\_protected\vendor\yiisoft\yii2\db\ActiveRecord.php(384): yii\db\Schema->getTableSchema('{{%user}}')
#12 C:\xampp\htdocs\blog\blog\_protected\vendor\yiisoft\yii2\db\ActiveRecord.php(211): yii\db\ActiveRecord::getTableSchema()
#13 C:\xampp\htdocs\blog\blog\_protected\vendor\yiisoft\yii2\db\ActiveRecord.php(190): yii\db\ActiveRecord::filterCondition(Array)
#14 C:\xampp\htdocs\blog\blog\_protected\vendor\yiisoft\yii2\db\BaseActiveRecord.php(112): yii\db\ActiveRecord::findByCondition(Array)
#15 C:\xampp\htdocs\blog\blog\_protected\models\UserIdentity.php(50): yii\db\BaseActiveRecord::findOne(Array)
#16 C:\xampp\htdocs\blog\blog\_protected\vendor\yiisoft\yii2\web\User.php(690): app\models\UserIdentity::findIdentity(1)
#17 C:\xampp\htdocs\blog\blog\_protected\vendor\yiisoft\yii2\web\User.php(192): yii\web\User->renewAuthStatus()
#18 C:\xampp\htdocs\blog\blog\_protected\vendor\yiisoft\yii2\web\User.php(360): yii\web\User->getIdentity()
#19 C:\xampp\htdocs\blog\blog\_protected\vendor\yiisoft\yii2\base\Component.php(139): yii\web\User->getIsGuest()
#20 C:\xampp\htdocs\blog\blog\_protected\vendor\yiisoft\yii2-debug\src\panels\UserPanel.php(79): yii\base\Component->__get('isGuest')
#21 C:\xampp\htdocs\blog\blog\_protected\vendor\yiisoft\yii2\base\BaseObject.php(109): yii\debug\panels\UserPanel->init()
#22 [internal function]: yii\base\BaseObject->__construct(Array)
#23 C:\xampp\htdocs\blog\blog\_protected\vendor\yiisoft\yii2\di\Container.php(383): ReflectionClass->newInstanceArgs(Array)
#24 C:\xampp\htdocs\blog\blog\_protected\vendor\yiisoft\yii2\di\Container.php(156): yii\di\Container->build('yii\\debug\\panel...', Array, Array)
#25 C:\xampp\htdocs\blog\blog\_protected\vendor\yiisoft\yii2\BaseYii.php(349): yii\di\Container->get('yii\\debug\\panel...', Array, Array)
#26 C:\xampp\htdocs\blog\blog\_protected\vendor\yiisoft\yii2-debug\src\Module.php(182): yii\BaseYii::createObject(Array)
#27 C:\xampp\htdocs\blog\blog\_protected\vendor\yiisoft\yii2-debug\src\Module.php(154): yii\debug\Module->initPanels()
#28 C:\xampp\htdocs\blog\blog\_protected\vendor\yiisoft\yii2\base\BaseObject.php(109): yii\debug\Module->init()
#29 C:\xampp\htdocs\blog\blog\_protected\vendor\yiisoft\yii2\base\Module.php(158): yii\base\BaseObject->__construct(Array)
#30 [internal function]: yii\base\Module->__construct('debug', Object(yii\web\Application), Array)
#31 C:\xampp\htdocs\blog\blog\_protected\vendor\yiisoft\yii2\di\Container.php(375): ReflectionClass->newInstanceArgs(Array)
#32 C:\xampp\htdocs\blog\blog\_protected\vendor\yiisoft\yii2\di\Container.php(156): yii\di\Container->build('yii\\debug\\Modul...', Array, Array)
#33 C:\xampp\htdocs\blog\blog\_protected\vendor\yiisoft\yii2\BaseYii.php(349): yii\di\Container->get('yii\\debug\\Modul...', Array, Array)
#34 C:\xampp\htdocs\blog\blog\_protected\vendor\yiisoft\yii2\base\Module.php(427): yii\BaseYii::createObject(Array, Array)
#35 C:\xampp\htdocs\blog\blog\_protected\vendor\yiisoft\yii2\base\Application.php(315): yii\base\Module->getModule('debug')
#36 C:\xampp\htdocs\blog\blog\_protected\vendor\yiisoft\yii2\web\Application.php(69): yii\base\Application->bootstrap()
#37 C:\xampp\htdocs\blog\blog\_protected\vendor\yiisoft\yii2\base\Application.php(273): yii\web\Application->bootstrap()
#38 C:\xampp\htdocs\blog\blog\_protected\vendor\yiisoft\yii2\base\BaseObject.php(109): yii\base\Application->init()
#39 C:\xampp\htdocs\blog\blog\_protected\vendor\yiisoft\yii2\base\Application.php(206): yii\base\BaseObject->__construct(Array)
#40 C:\xampp\htdocs\blog\blog\index.php(12): yii\base\Application->__construct('[<span class="s...')
#41 {main}

Next yii\db\Exception: SQLSTATE[HY000] [2002] No connection could be made because the target machine actively refused it.
 in C:\xampp\htdocs\blog\blog\_protected\vendor\yiisoft\yii2\db\Connection.php:624
Stack trace:
#0 C:\xampp\htdocs\blog\blog\_protected\vendor\yiisoft\yii2\db\Connection.php(996): yii\db\Connection->open()
#1 C:\xampp\htdocs\blog\blog\_protected\vendor\yiisoft\yii2\db\Connection.php(983): yii\db\Connection->getMasterPdo()
#2 C:\xampp\htdocs\blog\blog\_protected\vendor\yiisoft\yii2\db\Command.php(253): yii\db\Connection->getSlavePdo()
#3 C:\xampp\htdocs\blog\blog\_protected\vendor\yiisoft\yii2\db\Command.php(1143): yii\db\Command->prepare(true)
#4 C:\xampp\htdocs\blog\blog\_protected\vendor\yiisoft\yii2\db\Command.php(399): yii\db\Command->queryInternal('fetchAll', NULL)
#5 C:\xampp\htdocs\blog\blog\_protected\vendor\yiisoft\yii2\db\mysql\Schema.php(312): yii\db\Command->queryAll()
#6 C:\xampp\htdocs\blog\blog\_protected\vendor\yiisoft\yii2\db\mysql\Schema.php(125): yii\db\mysql\Schema->findColumns(Object(yii\db\TableSchema))
#7 C:\xampp\htdocs\blog\blog\_protected\vendor\yiisoft\yii2\db\Schema.php(744): yii\db\mysql\Schema->loadTableSchema('user')
#8 C:\xampp\htdocs\blog\blog\_protected\vendor\yiisoft\yii2\db\Schema.php(194): yii\db\Schema->getTableMetadata('{{%user}}', 'schema', false)
#9 C:\xampp\htdocs\blog\blog\_protected\vendor\yiisoft\yii2\db\ActiveRecord.php(384): yii\db\Schema->getTableSchema('{{%user}}')
#10 C:\xampp\htdocs\blog\blog\_protected\vendor\yiisoft\yii2\db\ActiveRecord.php(211): yii\db\ActiveRecord::getTableSchema()
#11 C:\xampp\htdocs\blog\blog\_protected\vendor\yiisoft\yii2\db\ActiveRecord.php(190): yii\db\ActiveRecord::filterCondition(Array)
#12 C:\xampp\htdocs\blog\blog\_protected\vendor\yiisoft\yii2\db\BaseActiveRecord.php(112): yii\db\ActiveRecord::findByCondition(Array)
#13 C:\xampp\htdocs\blog\blog\_protected\models\UserIdentity.php(50): yii\db\BaseActiveRecord::findOne(Array)
#14 C:\xampp\htdocs\blog\blog\_protected\vendor\yiisoft\yii2\web\User.php(690): app\models\UserIdentity::findIdentity(1)
#15 C:\xampp\htdocs\blog\blog\_protected\vendor\yiisoft\yii2\web\User.php(192): yii\web\User->renewAuthStatus()
#16 C:\xampp\htdocs\blog\blog\_protected\vendor\yiisoft\yii2\web\User.php(360): yii\web\User->getIdentity()
#17 C:\xampp\htdocs\blog\blog\_protected\vendor\yiisoft\yii2\base\Component.php(139): yii\web\User->getIsGuest()
#18 C:\xampp\htdocs\blog\blog\_protected\vendor\yiisoft\yii2-debug\src\panels\UserPanel.php(79): yii\base\Component->__get('isGuest')
#19 C:\xampp\htdocs\blog\blog\_protected\vendor\yiisoft\yii2\base\BaseObject.php(109): yii\debug\panels\UserPanel->init()
#20 [internal function]: yii\base\BaseObject->__construct(Array)
#21 C:\xampp\htdocs\blog\blog\_protected\vendor\yiisoft\yii2\di\Container.php(383): ReflectionClass->newInstanceArgs(Array)
#22 C:\xampp\htdocs\blog\blog\_protected\vendor\yiisoft\yii2\di\Container.php(156): yii\di\Container->build('yii\\debug\\panel...', Array, Array)
#23 C:\xampp\htdocs\blog\blog\_protected\vendor\yiisoft\yii2\BaseYii.php(349): yii\di\Container->get('yii\\debug\\panel...', Array, Array)
#24 C:\xampp\htdocs\blog\blog\_protected\vendor\yiisoft\yii2-debug\src\Module.php(182): yii\BaseYii::createObject(Array)
#25 C:\xampp\htdocs\blog\blog\_protected\vendor\yiisoft\yii2-debug\src\Module.php(154): yii\debug\Module->initPanels()
#26 C:\xampp\htdocs\blog\blog\_protected\vendor\yiisoft\yii2\base\BaseObject.php(109): yii\debug\Module->init()
#27 C:\xampp\htdocs\blog\blog\_protected\vendor\yiisoft\yii2\base\Module.php(158): yii\base\BaseObject->__construct(Array)
#28 [internal function]: yii\base\Module->__construct('debug', Object(yii\web\Application), Array)
#29 C:\xampp\htdocs\blog\blog\_protected\vendor\yiisoft\yii2\di\Container.php(375): ReflectionClass->newInstanceArgs(Array)
#30 C:\xampp\htdocs\blog\blog\_protected\vendor\yiisoft\yii2\di\Container.php(156): yii\di\Container->build('yii\\debug\\Modul...', Array, Array)
#31 C:\xampp\htdocs\blog\blog\_protected\vendor\yiisoft\yii2\BaseYii.php(349): yii\di\Container->get('yii\\debug\\Modul...', Array, Array)
#32 C:\xampp\htdocs\blog\blog\_protected\vendor\yiisoft\yii2\base\Module.php(427): yii\BaseYii::createObject(Array, Array)
#33 C:\xampp\htdocs\blog\blog\_protected\vendor\yiisoft\yii2\base\Application.php(315): yii\base\Module->getModule('debug')
#34 C:\xampp\htdocs\blog\blog\_protected\vendor\yiisoft\yii2\web\Application.php(69): yii\base\Application->bootstrap()
#35 C:\xampp\htdocs\blog\blog\_protected\vendor\yiisoft\yii2\base\Application.php(273): yii\web\Application->bootstrap()
#36 C:\xampp\htdocs\blog\blog\_protected\vendor\yiisoft\yii2\base\BaseObject.php(109): yii\base\Application->init()
#37 C:\xampp\htdocs\blog\blog\_protected\vendor\yiisoft\yii2\base\Application.php(206): yii\base\BaseObject->__construct(Array)
#38 C:\xampp\htdocs\blog\blog\index.php(12): yii\base\Application->__construct('[<span class="s...')
#39 {main}
Additional Information:

2018-11-10 13:18:35 [::1][-][7br40kaa2q69psc1evkacu71kl][info][application] $_GET = []

$_POST = []

$_FILES = []

$_COOKIE = [
    'csrftoken' => 'AHDWCVMb3EoO45hn3PyhlX8kM8wmVV7sJD6M5KhRY5GntAMlSrQfT1TofoT5i2kX'
    'u' => '7a3e25d2dcbd61715f21255b3098795bf6419226'
    'PHPSESSID' => '7br40kaa2q69psc1evkacu71kl'
    '_identity' => '43d06a9a927c80fd84889f45ab16c8e7eed92889d6d9e98d5f258f2cc392f52aa:2:{i:0;s:9:\"_identity\";i:1;s:46:\"[1,\"_VTfmWQtEEzYgRKz-lMaN8ErxT7wYc8b\",2592000]\";}'
    '_csrf' => 'f30f7a58cac05138a8742645b5a754962bf43dbd279843cc85ec32f12b693ebfa:2:{i:0;s:5:\"_csrf\";i:1;s:32:\"bfa3YvwskMUnKQapfkiEvNr0l04vm74v\";}'
]

$_SESSION = [
    '__flash' => []
    '__captcha/site/captcha' => 'sujekzw'
    '__captcha/site/captchacount' => 1
    '__id' => 1
]

$_SERVER = [
    'MIBDIRS' => 'C:/xampp/php/extras/mibs'
    'MYSQL_HOME' => '\\xampp\\mysql\\bin'
    'OPENSSL_CONF' => 'C:/xampp/apache/bin/openssl.cnf'
    'PHP_PEAR_SYSCONF_DIR' => '\\xampp\\php'
    'PHPRC' => '\\xampp\\php'
    'TMP' => '\\xampp\\tmp'
    'HTTP_HOST' => 'localhost'
    'HTTP_CONNECTION' => 'keep-alive'
    'HTTP_UPGRADE_INSECURE_REQUESTS' => '1'
    'HTTP_USER_AGENT' => 'Mozilla/5.0 (Windows NT 10.0; Win64; x64) AppleWebKit/537.36 (KHTML, like Gecko) Chrome/70.0.3538.77 Safari/537.36'
    'HTTP_ACCEPT' => 'text/html,application/xhtml+xml,application/xml;q=0.9,image/webp,image/apng,*/*;q=0.8'
    'HTTP_ACCEPT_ENCODING' => 'gzip, deflate, br'
    'HTTP_ACCEPT_LANGUAGE' => 'en-US,en;q=0.9'
    'HTTP_COOKIE' => 'csrftoken=AHDWCVMb3EoO45hn3PyhlX8kM8wmVV7sJD6M5KhRY5GntAMlSrQfT1TofoT5i2kX; u=7a3e25d2dcbd61715f21255b3098795bf6419226; PHPSESSID=7br40kaa2q69psc1evkacu71kl; _identity=43d06a9a927c80fd84889f45ab16c8e7eed92889d6d9e98d5f258f2cc392f52aa%3A2%3A%7Bi%3A0%3Bs%3A9%3A%22_identity%22%3Bi%3A1%3Bs%3A46%3A%22%5B1%2C%22_VTfmWQtEEzYgRKz-lMaN8ErxT7wYc8b%22%2C2592000%5D%22%3B%7D; _csrf=f30f7a58cac05138a8742645b5a754962bf43dbd279843cc85ec32f12b693ebfa%3A2%3A%7Bi%3A0%3Bs%3A5%3A%22_csrf%22%3Bi%3A1%3Bs%3A32%3A%22bfa3YvwskMUnKQapfkiEvNr0l04vm74v%22%3B%7D'
    'PATH' => 'C:\\Program Files (x86)\\Common Files\\Oracle\\Java\\javapath;C:\\ProgramData\\Oracle\\Java\\javapath;C:\\WINDOWS\\system32;C:\\WINDOWS;C:\\WINDOWS\\System32\\Wbem;C:\\WINDOWS\\System32\\WindowsPowerShell\\v1.0\\;C:\\Program Files\\PuTTY\\;C:\\xampp\\php;C:\\Program Files\\Git\\cmd;C:\\ProgramData\\ComposerSetup\\bin;C:\\WINDOWS\\System32\\OpenSSH\\;C:\\Program Files\\Microsoft VS Code\\bin;%AppData%\\npm;C:\\ProgramData\\chocolatey\\bin;C:\\Program Files\\Java\\jdk1.8.0_181\\bin;C:\\Program Files\\nodejs\\;C:\\Users\\Chandu\\AppData\\Local\\Programs\\Python\\Python36\\Scripts\\;C:\\Users\\Chandu\\AppData\\Local\\Programs\\Python\\Python36\\;C:\\Users\\Chandu\\AppData\\Roaming\\npm;C:\\Users\\Chandu\\AppData\\Local\\Programs\\Microsoft VS Code\\bin;C:\\Users\\Chandu\\AppData\\Local\\Android\\Sdk\\platform-tools;C:\\Users\\Chandu\\AppData\\Roaming\\npm'
    'SystemRoot' => 'C:\\WINDOWS'
    'COMSPEC' => 'C:\\WINDOWS\\system32\\cmd.exe'
    'PATHEXT' => '.COM;.EXE;.BAT;.CMD;.VBS;.VBE;.JS;.JSE;.WSF;.WSH;.MSC'
    'WINDIR' => 'C:\\WINDOWS'
    'SERVER_SIGNATURE' => '<address>Apache/2.4.26 (Win32) OpenSSL/1.0.2l PHP/7.1.7 Server at localhost Port 80</address>
'
    'SERVER_SOFTWARE' => 'Apache/2.4.26 (Win32) OpenSSL/1.0.2l PHP/7.1.7'
    'SERVER_NAME' => 'localhost'
    'SERVER_ADDR' => '::1'
    'SERVER_PORT' => '80'
    'REMOTE_ADDR' => '::1'
    'DOCUMENT_ROOT' => 'C:/xampp/htdocs'
    'REQUEST_SCHEME' => 'http'
    'CONTEXT_PREFIX' => ''
    'CONTEXT_DOCUMENT_ROOT' => 'C:/xampp/htdocs'
    'SERVER_ADMIN' => 'postmaster@localhost'
    'SCRIPT_FILENAME' => 'C:/xampp/htdocs/blog/blog/index.php'
    'REMOTE_PORT' => '50173'
    'GATEWAY_INTERFACE' => 'CGI/1.1'
    'SERVER_PROTOCOL' => 'HTTP/1.1'
    'REQUEST_METHOD' => 'GET'
    'QUERY_STRING' => ''
    'REQUEST_URI' => '/blog/blog/'
    'SCRIPT_NAME' => '/blog/blog/index.php'
    'PHP_SELF' => '/blog/blog/index.php'
    'REQUEST_TIME_FLOAT' => 1541852300.563
    'REQUEST_TIME' => 1541852300
]
2018-11-10 13:19:42 [::1][-][7br40kaa2q69psc1evkacu71kl][error][yii\db\Exception] PDOException: SQLSTATE[HY000] [2002] No connection could be made because the target machine actively refused it.
 in C:\xampp\htdocs\blog\blog\_protected\vendor\yiisoft\yii2\db\Connection.php:687
Stack trace:
#0 C:\xampp\htdocs\blog\blog\_protected\vendor\yiisoft\yii2\db\Connection.php(687): PDO->__construct('mysql:host=loca...', 'root', '', NULL)
#1 C:\xampp\htdocs\blog\blog\_protected\vendor\yiisoft\yii2\db\Connection.php(613): yii\db\Connection->createPdoInstance()
#2 C:\xampp\htdocs\blog\blog\_protected\vendor\yiisoft\yii2\db\Connection.php(996): yii\db\Connection->open()
#3 C:\xampp\htdocs\blog\blog\_protected\vendor\yiisoft\yii2\db\Connection.php(983): yii\db\Connection->getMasterPdo()
#4 C:\xampp\htdocs\blog\blog\_protected\vendor\yiisoft\yii2\db\Command.php(253): yii\db\Connection->getSlavePdo()
#5 C:\xampp\htdocs\blog\blog\_protected\vendor\yiisoft\yii2\db\Command.php(1143): yii\db\Command->prepare(true)
#6 C:\xampp\htdocs\blog\blog\_protected\vendor\yiisoft\yii2\db\Command.php(399): yii\db\Command->queryInternal('fetchAll', NULL)
#7 C:\xampp\htdocs\blog\blog\_protected\vendor\yiisoft\yii2\db\mysql\Schema.php(312): yii\db\Command->queryAll()
#8 C:\xampp\htdocs\blog\blog\_protected\vendor\yiisoft\yii2\db\mysql\Schema.php(125): yii\db\mysql\Schema->findColumns(Object(yii\db\TableSchema))
#9 C:\xampp\htdocs\blog\blog\_protected\vendor\yiisoft\yii2\db\Schema.php(744): yii\db\mysql\Schema->loadTableSchema('user')
#10 C:\xampp\htdocs\blog\blog\_protected\vendor\yiisoft\yii2\db\Schema.php(194): yii\db\Schema->getTableMetadata('{{%user}}', 'schema', false)
#11 C:\xampp\htdocs\blog\blog\_protected\vendor\yiisoft\yii2\db\ActiveRecord.php(384): yii\db\Schema->getTableSchema('{{%user}}')
#12 C:\xampp\htdocs\blog\blog\_protected\vendor\yiisoft\yii2\db\ActiveRecord.php(211): yii\db\ActiveRecord::getTableSchema()
#13 C:\xampp\htdocs\blog\blog\_protected\vendor\yiisoft\yii2\db\ActiveRecord.php(190): yii\db\ActiveRecord::filterCondition(Array)
#14 C:\xampp\htdocs\blog\blog\_protected\vendor\yiisoft\yii2\db\BaseActiveRecord.php(112): yii\db\ActiveRecord::findByCondition(Array)
#15 C:\xampp\htdocs\blog\blog\_protected\models\UserIdentity.php(50): yii\db\BaseActiveRecord::findOne(Array)
#16 C:\xampp\htdocs\blog\blog\_protected\vendor\yiisoft\yii2\web\User.php(690): app\models\UserIdentity::findIdentity(1)
#17 C:\xampp\htdocs\blog\blog\_protected\vendor\yiisoft\yii2\web\User.php(192): yii\web\User->renewAuthStatus()
#18 C:\xampp\htdocs\blog\blog\_protected\vendor\yiisoft\yii2\web\User.php(360): yii\web\User->getIdentity()
#19 C:\xampp\htdocs\blog\blog\_protected\vendor\yiisoft\yii2\base\Component.php(139): yii\web\User->getIsGuest()
#20 C:\xampp\htdocs\blog\blog\_protected\vendor\yiisoft\yii2-debug\src\panels\UserPanel.php(79): yii\base\Component->__get('isGuest')
#21 C:\xampp\htdocs\blog\blog\_protected\vendor\yiisoft\yii2\base\BaseObject.php(109): yii\debug\panels\UserPanel->init()
#22 [internal function]: yii\base\BaseObject->__construct(Array)
#23 C:\xampp\htdocs\blog\blog\_protected\vendor\yiisoft\yii2\di\Container.php(383): ReflectionClass->newInstanceArgs(Array)
#24 C:\xampp\htdocs\blog\blog\_protected\vendor\yiisoft\yii2\di\Container.php(156): yii\di\Container->build('yii\\debug\\panel...', Array, Array)
#25 C:\xampp\htdocs\blog\blog\_protected\vendor\yiisoft\yii2\BaseYii.php(349): yii\di\Container->get('yii\\debug\\panel...', Array, Array)
#26 C:\xampp\htdocs\blog\blog\_protected\vendor\yiisoft\yii2-debug\src\Module.php(182): yii\BaseYii::createObject(Array)
#27 C:\xampp\htdocs\blog\blog\_protected\vendor\yiisoft\yii2-debug\src\Module.php(154): yii\debug\Module->initPanels()
#28 C:\xampp\htdocs\blog\blog\_protected\vendor\yiisoft\yii2\base\BaseObject.php(109): yii\debug\Module->init()
#29 C:\xampp\htdocs\blog\blog\_protected\vendor\yiisoft\yii2\base\Module.php(158): yii\base\BaseObject->__construct(Array)
#30 [internal function]: yii\base\Module->__construct('debug', Object(yii\web\Application), Array)
#31 C:\xampp\htdocs\blog\blog\_protected\vendor\yiisoft\yii2\di\Container.php(375): ReflectionClass->newInstanceArgs(Array)
#32 C:\xampp\htdocs\blog\blog\_protected\vendor\yiisoft\yii2\di\Container.php(156): yii\di\Container->build('yii\\debug\\Modul...', Array, Array)
#33 C:\xampp\htdocs\blog\blog\_protected\vendor\yiisoft\yii2\BaseYii.php(349): yii\di\Container->get('yii\\debug\\Modul...', Array, Array)
#34 C:\xampp\htdocs\blog\blog\_protected\vendor\yiisoft\yii2\base\Module.php(427): yii\BaseYii::createObject(Array, Array)
#35 C:\xampp\htdocs\blog\blog\_protected\vendor\yiisoft\yii2\base\Application.php(315): yii\base\Module->getModule('debug')
#36 C:\xampp\htdocs\blog\blog\_protected\vendor\yiisoft\yii2\web\Application.php(69): yii\base\Application->bootstrap()
#37 C:\xampp\htdocs\blog\blog\_protected\vendor\yiisoft\yii2\base\Application.php(273): yii\web\Application->bootstrap()
#38 C:\xampp\htdocs\blog\blog\_protected\vendor\yiisoft\yii2\base\BaseObject.php(109): yii\base\Application->init()
#39 C:\xampp\htdocs\blog\blog\_protected\vendor\yiisoft\yii2\base\Application.php(206): yii\base\BaseObject->__construct(Array)
#40 C:\xampp\htdocs\blog\blog\index.php(12): yii\base\Application->__construct('[<span class="s...')
#41 {main}

Next yii\db\Exception: SQLSTATE[HY000] [2002] No connection could be made because the target machine actively refused it.
 in C:\xampp\htdocs\blog\blog\_protected\vendor\yiisoft\yii2\db\Connection.php:624
Stack trace:
#0 C:\xampp\htdocs\blog\blog\_protected\vendor\yiisoft\yii2\db\Connection.php(996): yii\db\Connection->open()
#1 C:\xampp\htdocs\blog\blog\_protected\vendor\yiisoft\yii2\db\Connection.php(983): yii\db\Connection->getMasterPdo()
#2 C:\xampp\htdocs\blog\blog\_protected\vendor\yiisoft\yii2\db\Command.php(253): yii\db\Connection->getSlavePdo()
#3 C:\xampp\htdocs\blog\blog\_protected\vendor\yiisoft\yii2\db\Command.php(1143): yii\db\Command->prepare(true)
#4 C:\xampp\htdocs\blog\blog\_protected\vendor\yiisoft\yii2\db\Command.php(399): yii\db\Command->queryInternal('fetchAll', NULL)
#5 C:\xampp\htdocs\blog\blog\_protected\vendor\yiisoft\yii2\db\mysql\Schema.php(312): yii\db\Command->queryAll()
#6 C:\xampp\htdocs\blog\blog\_protected\vendor\yiisoft\yii2\db\mysql\Schema.php(125): yii\db\mysql\Schema->findColumns(Object(yii\db\TableSchema))
#7 C:\xampp\htdocs\blog\blog\_protected\vendor\yiisoft\yii2\db\Schema.php(744): yii\db\mysql\Schema->loadTableSchema('user')
#8 C:\xampp\htdocs\blog\blog\_protected\vendor\yiisoft\yii2\db\Schema.php(194): yii\db\Schema->getTableMetadata('{{%user}}', 'schema', false)
#9 C:\xampp\htdocs\blog\blog\_protected\vendor\yiisoft\yii2\db\ActiveRecord.php(384): yii\db\Schema->getTableSchema('{{%user}}')
#10 C:\xampp\htdocs\blog\blog\_protected\vendor\yiisoft\yii2\db\ActiveRecord.php(211): yii\db\ActiveRecord::getTableSchema()
#11 C:\xampp\htdocs\blog\blog\_protected\vendor\yiisoft\yii2\db\ActiveRecord.php(190): yii\db\ActiveRecord::filterCondition(Array)
#12 C:\xampp\htdocs\blog\blog\_protected\vendor\yiisoft\yii2\db\BaseActiveRecord.php(112): yii\db\ActiveRecord::findByCondition(Array)
#13 C:\xampp\htdocs\blog\blog\_protected\models\UserIdentity.php(50): yii\db\BaseActiveRecord::findOne(Array)
#14 C:\xampp\htdocs\blog\blog\_protected\vendor\yiisoft\yii2\web\User.php(690): app\models\UserIdentity::findIdentity(1)
#15 C:\xampp\htdocs\blog\blog\_protected\vendor\yiisoft\yii2\web\User.php(192): yii\web\User->renewAuthStatus()
#16 C:\xampp\htdocs\blog\blog\_protected\vendor\yiisoft\yii2\web\User.php(360): yii\web\User->getIdentity()
#17 C:\xampp\htdocs\blog\blog\_protected\vendor\yiisoft\yii2\base\Component.php(139): yii\web\User->getIsGuest()
#18 C:\xampp\htdocs\blog\blog\_protected\vendor\yiisoft\yii2-debug\src\panels\UserPanel.php(79): yii\base\Component->__get('isGuest')
#19 C:\xampp\htdocs\blog\blog\_protected\vendor\yiisoft\yii2\base\BaseObject.php(109): yii\debug\panels\UserPanel->init()
#20 [internal function]: yii\base\BaseObject->__construct(Array)
#21 C:\xampp\htdocs\blog\blog\_protected\vendor\yiisoft\yii2\di\Container.php(383): ReflectionClass->newInstanceArgs(Array)
#22 C:\xampp\htdocs\blog\blog\_protected\vendor\yiisoft\yii2\di\Container.php(156): yii\di\Container->build('yii\\debug\\panel...', Array, Array)
#23 C:\xampp\htdocs\blog\blog\_protected\vendor\yiisoft\yii2\BaseYii.php(349): yii\di\Container->get('yii\\debug\\panel...', Array, Array)
#24 C:\xampp\htdocs\blog\blog\_protected\vendor\yiisoft\yii2-debug\src\Module.php(182): yii\BaseYii::createObject(Array)
#25 C:\xampp\htdocs\blog\blog\_protected\vendor\yiisoft\yii2-debug\src\Module.php(154): yii\debug\Module->initPanels()
#26 C:\xampp\htdocs\blog\blog\_protected\vendor\yiisoft\yii2\base\BaseObject.php(109): yii\debug\Module->init()
#27 C:\xampp\htdocs\blog\blog\_protected\vendor\yiisoft\yii2\base\Module.php(158): yii\base\BaseObject->__construct(Array)
#28 [internal function]: yii\base\Module->__construct('debug', Object(yii\web\Application), Array)
#29 C:\xampp\htdocs\blog\blog\_protected\vendor\yiisoft\yii2\di\Container.php(375): ReflectionClass->newInstanceArgs(Array)
#30 C:\xampp\htdocs\blog\blog\_protected\vendor\yiisoft\yii2\di\Container.php(156): yii\di\Container->build('yii\\debug\\Modul...', Array, Array)
#31 C:\xampp\htdocs\blog\blog\_protected\vendor\yiisoft\yii2\BaseYii.php(349): yii\di\Container->get('yii\\debug\\Modul...', Array, Array)
#32 C:\xampp\htdocs\blog\blog\_protected\vendor\yiisoft\yii2\base\Module.php(427): yii\BaseYii::createObject(Array, Array)
#33 C:\xampp\htdocs\blog\blog\_protected\vendor\yiisoft\yii2\base\Application.php(315): yii\base\Module->getModule('debug')
#34 C:\xampp\htdocs\blog\blog\_protected\vendor\yiisoft\yii2\web\Application.php(69): yii\base\Application->bootstrap()
#35 C:\xampp\htdocs\blog\blog\_protected\vendor\yiisoft\yii2\base\Application.php(273): yii\web\Application->bootstrap()
#36 C:\xampp\htdocs\blog\blog\_protected\vendor\yiisoft\yii2\base\BaseObject.php(109): yii\base\Application->init()
#37 C:\xampp\htdocs\blog\blog\_protected\vendor\yiisoft\yii2\base\Application.php(206): yii\base\BaseObject->__construct(Array)
#38 C:\xampp\htdocs\blog\blog\index.php(12): yii\base\Application->__construct('[<span class="s...')
#39 {main}
Additional Information:

2018-11-10 13:19:40 [::1][-][7br40kaa2q69psc1evkacu71kl][info][application] $_GET = []

$_POST = []

$_FILES = []

$_COOKIE = [
    'csrftoken' => 'AHDWCVMb3EoO45hn3PyhlX8kM8wmVV7sJD6M5KhRY5GntAMlSrQfT1TofoT5i2kX'
    'u' => '7a3e25d2dcbd61715f21255b3098795bf6419226'
    'PHPSESSID' => '7br40kaa2q69psc1evkacu71kl'
    '_identity' => '43d06a9a927c80fd84889f45ab16c8e7eed92889d6d9e98d5f258f2cc392f52aa:2:{i:0;s:9:\"_identity\";i:1;s:46:\"[1,\"_VTfmWQtEEzYgRKz-lMaN8ErxT7wYc8b\",2592000]\";}'
    '_csrf' => 'f30f7a58cac05138a8742645b5a754962bf43dbd279843cc85ec32f12b693ebfa:2:{i:0;s:5:\"_csrf\";i:1;s:32:\"bfa3YvwskMUnKQapfkiEvNr0l04vm74v\";}'
]

$_SESSION = [
    '__flash' => []
    '__captcha/site/captcha' => 'sujekzw'
    '__captcha/site/captchacount' => 1
    '__id' => 1
]

$_SERVER = [
    'MIBDIRS' => 'C:/xampp/php/extras/mibs'
    'MYSQL_HOME' => '\\xampp\\mysql\\bin'
    'OPENSSL_CONF' => 'C:/xampp/apache/bin/openssl.cnf'
    'PHP_PEAR_SYSCONF_DIR' => '\\xampp\\php'
    'PHPRC' => '\\xampp\\php'
    'TMP' => '\\xampp\\tmp'
    'HTTP_HOST' => 'localhost'
    'HTTP_CONNECTION' => 'keep-alive'
    'HTTP_CACHE_CONTROL' => 'max-age=0'
    'HTTP_UPGRADE_INSECURE_REQUESTS' => '1'
    'HTTP_USER_AGENT' => 'Mozilla/5.0 (Windows NT 10.0; Win64; x64) AppleWebKit/537.36 (KHTML, like Gecko) Chrome/70.0.3538.77 Safari/537.36'
    'HTTP_ACCEPT' => 'text/html,application/xhtml+xml,application/xml;q=0.9,image/webp,image/apng,*/*;q=0.8'
    'HTTP_ACCEPT_ENCODING' => 'gzip, deflate, br'
    'HTTP_ACCEPT_LANGUAGE' => 'en-US,en;q=0.9'
    'HTTP_COOKIE' => 'csrftoken=AHDWCVMb3EoO45hn3PyhlX8kM8wmVV7sJD6M5KhRY5GntAMlSrQfT1TofoT5i2kX; u=7a3e25d2dcbd61715f21255b3098795bf6419226; PHPSESSID=7br40kaa2q69psc1evkacu71kl; _identity=43d06a9a927c80fd84889f45ab16c8e7eed92889d6d9e98d5f258f2cc392f52aa%3A2%3A%7Bi%3A0%3Bs%3A9%3A%22_identity%22%3Bi%3A1%3Bs%3A46%3A%22%5B1%2C%22_VTfmWQtEEzYgRKz-lMaN8ErxT7wYc8b%22%2C2592000%5D%22%3B%7D; _csrf=f30f7a58cac05138a8742645b5a754962bf43dbd279843cc85ec32f12b693ebfa%3A2%3A%7Bi%3A0%3Bs%3A5%3A%22_csrf%22%3Bi%3A1%3Bs%3A32%3A%22bfa3YvwskMUnKQapfkiEvNr0l04vm74v%22%3B%7D'
    'PATH' => 'C:\\Program Files (x86)\\Common Files\\Oracle\\Java\\javapath;C:\\ProgramData\\Oracle\\Java\\javapath;C:\\WINDOWS\\system32;C:\\WINDOWS;C:\\WINDOWS\\System32\\Wbem;C:\\WINDOWS\\System32\\WindowsPowerShell\\v1.0\\;C:\\Program Files\\PuTTY\\;C:\\xampp\\php;C:\\Program Files\\Git\\cmd;C:\\ProgramData\\ComposerSetup\\bin;C:\\WINDOWS\\System32\\OpenSSH\\;C:\\Program Files\\Microsoft VS Code\\bin;%AppData%\\npm;C:\\ProgramData\\chocolatey\\bin;C:\\Program Files\\Java\\jdk1.8.0_181\\bin;C:\\Program Files\\nodejs\\;C:\\Users\\Chandu\\AppData\\Local\\Programs\\Python\\Python36\\Scripts\\;C:\\Users\\Chandu\\AppData\\Local\\Programs\\Python\\Python36\\;C:\\Users\\Chandu\\AppData\\Roaming\\npm;C:\\Users\\Chandu\\AppData\\Local\\Programs\\Microsoft VS Code\\bin;C:\\Users\\Chandu\\AppData\\Local\\Android\\Sdk\\platform-tools;C:\\Users\\Chandu\\AppData\\Roaming\\npm'
    'SystemRoot' => 'C:\\WINDOWS'
    'COMSPEC' => 'C:\\WINDOWS\\system32\\cmd.exe'
    'PATHEXT' => '.COM;.EXE;.BAT;.CMD;.VBS;.VBE;.JS;.JSE;.WSF;.WSH;.MSC'
    'WINDIR' => 'C:\\WINDOWS'
    'SERVER_SIGNATURE' => '<address>Apache/2.4.26 (Win32) OpenSSL/1.0.2l PHP/7.1.7 Server at localhost Port 80</address>
'
    'SERVER_SOFTWARE' => 'Apache/2.4.26 (Win32) OpenSSL/1.0.2l PHP/7.1.7'
    'SERVER_NAME' => 'localhost'
    'SERVER_ADDR' => '::1'
    'SERVER_PORT' => '80'
    'REMOTE_ADDR' => '::1'
    'DOCUMENT_ROOT' => 'C:/xampp/htdocs'
    'REQUEST_SCHEME' => 'http'
    'CONTEXT_PREFIX' => ''
    'CONTEXT_DOCUMENT_ROOT' => 'C:/xampp/htdocs'
    'SERVER_ADMIN' => 'postmaster@localhost'
    'SCRIPT_FILENAME' => 'C:/xampp/htdocs/blog/blog/index.php'
    'REMOTE_PORT' => '50217'
    'GATEWAY_INTERFACE' => 'CGI/1.1'
    'SERVER_PROTOCOL' => 'HTTP/1.1'
    'REQUEST_METHOD' => 'GET'
    'QUERY_STRING' => ''
    'REQUEST_URI' => '/blog/blog/'
    'SCRIPT_NAME' => '/blog/blog/index.php'
    'PHP_SELF' => '/blog/blog/index.php'
    'REQUEST_TIME_FLOAT' => 1541852380.437
    'REQUEST_TIME' => 1541852380
]
